{"D:\\10P-Shine-MERN\\frontend\\src\\components\\Navbar.jsx": {"path":"D:\\10P-Shine-MERN\\frontend\\src\\components\\Navbar.jsx","statementMap":{"0":{"start":{"line":4,"column":15},"end":{"line":35,"column":1}},"1":{"start":{"line":5,"column":31},"end":{"line":5,"column":40}},"2":{"start":{"line":6,"column":19},"end":{"line":6,"column":32}},"3":{"start":{"line":8,"column":23},"end":{"line":11,"column":3}},"4":{"start":{"line":9,"column":4},"end":{"line":9,"column":23}},"5":{"start":{"line":10,"column":4},"end":{"line":10,"column":23}},"6":{"start":{"line":13,"column":2},"end":{"line":34,"column":4}}},"fnMap":{"0":{"name":"(anonymous_0)","decl":{"start":{"line":4,"column":15},"end":{"line":4,"column":16}},"loc":{"start":{"line":4,"column":21},"end":{"line":35,"column":1}},"line":4},"1":{"name":"(anonymous_1)","decl":{"start":{"line":8,"column":23},"end":{"line":8,"column":24}},"loc":{"start":{"line":8,"column":35},"end":{"line":11,"column":3}},"line":8}},"branchMap":{"0":{"loc":{"start":{"line":19,"column":9},"end":{"line":31,"column":9}},"type":"cond-expr","locations":[{"start":{"line":20,"column":10},"end":{"line":25,"column":13}},{"start":{"line":27,"column":10},"end":{"line":30,"column":13}}],"line":19}},"s":{"0":1,"1":2,"2":2,"3":2,"4":0,"5":0,"6":2},"f":{"0":2,"1":0},"b":{"0":[0,2]},"_coverageSchema":"1a1c01bbd47fc00a2c39e90264f33305004495a9","hash":"48958565647501755c840a3a20f61613351c10ab"}
,"D:\\10P-Shine-MERN\\frontend\\src\\components\\PrivateRoute.jsx": {"path":"D:\\10P-Shine-MERN\\frontend\\src\\components\\PrivateRoute.jsx","statementMap":{"0":{"start":{"line":4,"column":21},"end":{"line":16,"column":1}},"1":{"start":{"line":5,"column":28},"end":{"line":5,"column":37}},"2":{"start":{"line":7,"column":2},"end":{"line":9,"column":3}},"3":{"start":{"line":8,"column":4},"end":{"line":8,"column":33}},"4":{"start":{"line":11,"column":2},"end":{"line":13,"column":3}},"5":{"start":{"line":12,"column":4},"end":{"line":12,"column":36}},"6":{"start":{"line":15,"column":2},"end":{"line":15,"column":18}}},"fnMap":{"0":{"name":"(anonymous_0)","decl":{"start":{"line":4,"column":21},"end":{"line":4,"column":22}},"loc":{"start":{"line":4,"column":39},"end":{"line":16,"column":1}},"line":4}},"branchMap":{"0":{"loc":{"start":{"line":7,"column":2},"end":{"line":9,"column":3}},"type":"if","locations":[{"start":{"line":7,"column":2},"end":{"line":9,"column":3}},{"start":{},"end":{}}],"line":7},"1":{"loc":{"start":{"line":11,"column":2},"end":{"line":13,"column":3}},"type":"if","locations":[{"start":{"line":11,"column":2},"end":{"line":13,"column":3}},{"start":{},"end":{}}],"line":11}},"s":{"0":1,"1":2,"2":2,"3":0,"4":2,"5":2,"6":0},"f":{"0":2},"b":{"0":[0,2],"1":[2,0]},"_coverageSchema":"1a1c01bbd47fc00a2c39e90264f33305004495a9","hash":"05dca237391b821551caaf8666e1015218e6e7d2"}
,"D:\\10P-Shine-MERN\\frontend\\src\\context\\AuthContext.jsx": {"path":"D:\\10P-Shine-MERN\\frontend\\src\\context\\AuthContext.jsx","statementMap":{"0":{"start":{"line":4,"column":20},"end":{"line":4,"column":35}},"1":{"start":{"line":6,"column":28},"end":{"line":43,"column":1}},"2":{"start":{"line":7,"column":26},"end":{"line":7,"column":40}},"3":{"start":{"line":8,"column":32},"end":{"line":8,"column":46}},"4":{"start":{"line":10,"column":2},"end":{"line":20,"column":9}},"5":{"start":{"line":11,"column":18},"end":{"line":11,"column":47}},"6":{"start":{"line":12,"column":4},"end":{"line":19,"column":5}},"7":{"start":{"line":13,"column":6},"end":{"line":16,"column":42}},"8":{"start":{"line":14,"column":23},"end":{"line":14,"column":45}},"9":{"start":{"line":15,"column":21},"end":{"line":15,"column":53}},"10":{"start":{"line":16,"column":23},"end":{"line":16,"column":40}},"11":{"start":{"line":18,"column":6},"end":{"line":18,"column":24}},"12":{"start":{"line":22,"column":20},"end":{"line":30,"column":1}},"13":{"start":{"line":23,"column":2},"end":{"line":23,"column":39}},"14":{"start":{"line":24,"column":2},"end":{"line":29,"column":3}},"15":{"start":{"line":25,"column":16},"end":{"line":25,"column":29}},"16":{"start":{"line":26,"column":4},"end":{"line":26,"column":27}},"17":{"start":{"line":28,"column":4},"end":{"line":28,"column":22}},"18":{"start":{"line":32,"column":21},"end":{"line":36,"column":3}},"19":{"start":{"line":33,"column":4},"end":{"line":33,"column":22}},"20":{"start":{"line":34,"column":4},"end":{"line":34,"column":37}},"21":{"start":{"line":35,"column":4},"end":{"line":35,"column":18}},"22":{"start":{"line":38,"column":2},"end":{"line":42,"column":4}},"23":{"start":{"line":45,"column":23},"end":{"line":45,"column":52}},"24":{"start":{"line":45,"column":29},"end":{"line":45,"column":52}}},"fnMap":{"0":{"name":"(anonymous_0)","decl":{"start":{"line":6,"column":28},"end":{"line":6,"column":29}},"loc":{"start":{"line":6,"column":46},"end":{"line":43,"column":1}},"line":6},"1":{"name":"(anonymous_1)","decl":{"start":{"line":10,"column":12},"end":{"line":10,"column":13}},"loc":{"start":{"line":10,"column":18},"end":{"line":20,"column":3}},"line":10},"2":{"name":"(anonymous_2)","decl":{"start":{"line":14,"column":14},"end":{"line":14,"column":15}},"loc":{"start":{"line":14,"column":23},"end":{"line":14,"column":45}},"line":14},"3":{"name":"(anonymous_3)","decl":{"start":{"line":15,"column":15},"end":{"line":15,"column":16}},"loc":{"start":{"line":15,"column":21},"end":{"line":15,"column":53}},"line":15},"4":{"name":"(anonymous_4)","decl":{"start":{"line":16,"column":17},"end":{"line":16,"column":18}},"loc":{"start":{"line":16,"column":23},"end":{"line":16,"column":40}},"line":16},"5":{"name":"(anonymous_5)","decl":{"start":{"line":22,"column":20},"end":{"line":22,"column":21}},"loc":{"start":{"line":22,"column":47},"end":{"line":30,"column":1}},"line":22},"6":{"name":"(anonymous_6)","decl":{"start":{"line":32,"column":21},"end":{"line":32,"column":22}},"loc":{"start":{"line":32,"column":33},"end":{"line":36,"column":3}},"line":32},"7":{"name":"(anonymous_7)","decl":{"start":{"line":45,"column":23},"end":{"line":45,"column":24}},"loc":{"start":{"line":45,"column":29},"end":{"line":45,"column":52}},"line":45}},"branchMap":{"0":{"loc":{"start":{"line":12,"column":4},"end":{"line":19,"column":5}},"type":"if","locations":[{"start":{"line":12,"column":4},"end":{"line":19,"column":5}},{"start":{"line":17,"column":11},"end":{"line":19,"column":5}}],"line":12}},"s":{"0":1,"1":1,"2":0,"3":0,"4":0,"5":0,"6":0,"7":0,"8":0,"9":0,"10":0,"11":0,"12":0,"13":0,"14":0,"15":0,"16":0,"17":0,"18":0,"19":0,"20":0,"21":0,"22":0,"23":1,"24":0},"f":{"0":0,"1":0,"2":0,"3":0,"4":0,"5":0,"6":0,"7":0},"b":{"0":[0,0]},"_coverageSchema":"1a1c01bbd47fc00a2c39e90264f33305004495a9","hash":"2d2d363c66c811358e2b75a76c8e9b22f08b8a56"}
,"D:\\10P-Shine-MERN\\frontend\\src\\context\\ThemeContext.jsx": {"path":"D:\\10P-Shine-MERN\\frontend\\src\\context\\ThemeContext.jsx","statementMap":{"0":{"start":{"line":3,"column":21},"end":{"line":3,"column":36}},"1":{"start":{"line":5,"column":29},"end":{"line":20,"column":1}},"2":{"start":{"line":6,"column":28},"end":{"line":6,"column":84}},"3":{"start":{"line":6,"column":43},"end":{"line":6,"column":83}},"4":{"start":{"line":8,"column":2},"end":{"line":11,"column":14}},"5":{"start":{"line":9,"column":4},"end":{"line":9,"column":41}},"6":{"start":{"line":10,"column":4},"end":{"line":10,"column":63}},"7":{"start":{"line":13,"column":22},"end":{"line":13,"column":75}},"8":{"start":{"line":13,"column":28},"end":{"line":13,"column":75}},"9":{"start":{"line":13,"column":42},"end":{"line":13,"column":74}},"10":{"start":{"line":15,"column":2},"end":{"line":19,"column":4}},"11":{"start":{"line":22,"column":24},"end":{"line":22,"column":54}},"12":{"start":{"line":22,"column":30},"end":{"line":22,"column":54}}},"fnMap":{"0":{"name":"(anonymous_0)","decl":{"start":{"line":5,"column":29},"end":{"line":5,"column":30}},"loc":{"start":{"line":5,"column":47},"end":{"line":20,"column":1}},"line":5},"1":{"name":"(anonymous_1)","decl":{"start":{"line":6,"column":37},"end":{"line":6,"column":38}},"loc":{"start":{"line":6,"column":43},"end":{"line":6,"column":83}},"line":6},"2":{"name":"(anonymous_2)","decl":{"start":{"line":8,"column":12},"end":{"line":8,"column":13}},"loc":{"start":{"line":8,"column":18},"end":{"line":11,"column":3}},"line":8},"3":{"name":"(anonymous_3)","decl":{"start":{"line":13,"column":22},"end":{"line":13,"column":23}},"loc":{"start":{"line":13,"column":28},"end":{"line":13,"column":75}},"line":13},"4":{"name":"(anonymous_4)","decl":{"start":{"line":13,"column":37},"end":{"line":13,"column":38}},"loc":{"start":{"line":13,"column":42},"end":{"line":13,"column":74}},"line":13},"5":{"name":"(anonymous_5)","decl":{"start":{"line":22,"column":24},"end":{"line":22,"column":25}},"loc":{"start":{"line":22,"column":30},"end":{"line":22,"column":54}},"line":22}},"branchMap":{"0":{"loc":{"start":{"line":6,"column":43},"end":{"line":6,"column":83}},"type":"binary-expr","locations":[{"start":{"line":6,"column":43},"end":{"line":6,"column":72}},{"start":{"line":6,"column":76},"end":{"line":6,"column":83}}],"line":6},"1":{"loc":{"start":{"line":13,"column":42},"end":{"line":13,"column":74}},"type":"cond-expr","locations":[{"start":{"line":13,"column":58},"end":{"line":13,"column":64}},{"start":{"line":13,"column":67},"end":{"line":13,"column":74}}],"line":13}},"s":{"0":1,"1":1,"2":16,"3":10,"4":16,"5":16,"6":16,"7":16,"8":6,"9":6,"10":16,"11":1,"12":16},"f":{"0":16,"1":10,"2":16,"3":6,"4":6,"5":16},"b":{"0":[10,9],"1":[5,1]},"_coverageSchema":"1a1c01bbd47fc00a2c39e90264f33305004495a9","hash":"5dab9f75c0932ac30c93e8dec981387cc2e49975"}
,"D:\\10P-Shine-MERN\\frontend\\src\\pages\\AuthCallback.jsx": {"path":"D:\\10P-Shine-MERN\\frontend\\src\\pages\\AuthCallback.jsx","statementMap":{"0":{"start":{"line":5,"column":21},"end":{"line":46,"column":1}},"1":{"start":{"line":6,"column":25},"end":{"line":6,"column":42}},"2":{"start":{"line":7,"column":24},"end":{"line":7,"column":33}},"3":{"start":{"line":8,"column":19},"end":{"line":8,"column":32}},"4":{"start":{"line":10,"column":2},"end":{"line":28,"column":9}},"5":{"start":{"line":11,"column":18},"end":{"line":11,"column":43}},"6":{"start":{"line":12,"column":17},"end":{"line":12,"column":41}},"7":{"start":{"line":13,"column":18},"end":{"line":13,"column":43}},"8":{"start":{"line":14,"column":18},"end":{"line":14,"column":43}},"9":{"start":{"line":16,"column":4},"end":{"line":19,"column":5}},"10":{"start":{"line":17,"column":6},"end":{"line":17,"column":45}},"11":{"start":{"line":18,"column":6},"end":{"line":18,"column":13}},"12":{"start":{"line":21,"column":4},"end":{"line":27,"column":5}},"13":{"start":{"line":22,"column":22},"end":{"line":22,"column":59}},"14":{"start":{"line":23,"column":6},"end":{"line":23,"column":56}},"15":{"start":{"line":24,"column":6},"end":{"line":24,"column":29}},"16":{"start":{"line":26,"column":6},"end":{"line":26,"column":25}},"17":{"start":{"line":30,"column":2},"end":{"line":45,"column":4}}},"fnMap":{"0":{"name":"(anonymous_0)","decl":{"start":{"line":5,"column":21},"end":{"line":5,"column":22}},"loc":{"start":{"line":5,"column":27},"end":{"line":46,"column":1}},"line":5},"1":{"name":"(anonymous_1)","decl":{"start":{"line":10,"column":12},"end":{"line":10,"column":13}},"loc":{"start":{"line":10,"column":18},"end":{"line":28,"column":3}},"line":10}},"branchMap":{"0":{"loc":{"start":{"line":16,"column":4},"end":{"line":19,"column":5}},"type":"if","locations":[{"start":{"line":16,"column":4},"end":{"line":19,"column":5}},{"start":{},"end":{}}],"line":16},"1":{"loc":{"start":{"line":21,"column":4},"end":{"line":27,"column":5}},"type":"if","locations":[{"start":{"line":21,"column":4},"end":{"line":27,"column":5}},{"start":{"line":25,"column":11},"end":{"line":27,"column":5}}],"line":21}},"s":{"0":1,"1":5,"2":5,"3":5,"4":5,"5":5,"6":5,"7":5,"8":5,"9":5,"10":1,"11":1,"12":4,"13":1,"14":1,"15":1,"16":3,"17":5},"f":{"0":5,"1":5},"b":{"0":[1,4],"1":[1,3]},"_coverageSchema":"1a1c01bbd47fc00a2c39e90264f33305004495a9","hash":"f542dfc01f695f44ea551fda3fcbbf53a6723819"}
,"D:\\10P-Shine-MERN\\frontend\\src\\pages\\Dashboard.jsx": {"path":"D:\\10P-Shine-MERN\\frontend\\src\\pages\\Dashboard.jsx","statementMap":{"0":{"start":{"line":9,"column":18},"end":{"line":390,"column":1}},"1":{"start":{"line":10,"column":28},"end":{"line":10,"column":40}},"2":{"start":{"line":11,"column":30},"end":{"line":11,"column":42}},"3":{"start":{"line":12,"column":28},"end":{"line":12,"column":40}},"4":{"start":{"line":13,"column":44},"end":{"line":13,"column":59}},"5":{"start":{"line":14,"column":46},"end":{"line":14,"column":58}},"6":{"start":{"line":15,"column":46},"end":{"line":15,"column":61}},"7":{"start":{"line":16,"column":42},"end":{"line":16,"column":54}},"8":{"start":{"line":17,"column":20},"end":{"line":17,"column":28}},"9":{"start":{"line":18,"column":24},"end":{"line":18,"column":32}},"10":{"start":{"line":20,"column":19},"end":{"line":20,"column":28}},"11":{"start":{"line":21,"column":21},"end":{"line":21,"column":31}},"12":{"start":{"line":22,"column":19},"end":{"line":22,"column":32}},"13":{"start":{"line":27,"column":6},"end":{"line":27,"column":28}},"14":{"start":{"line":29,"column":2},"end":{"line":29,"column":41}},"15":{"start":{"line":29,"column":20},"end":{"line":29,"column":33}},"16":{"start":{"line":31,"column":2},"end":{"line":39,"column":9}},"17":{"start":{"line":32,"column":31},"end":{"line":36,"column":5}},"18":{"start":{"line":33,"column":6},"end":{"line":35,"column":7}},"19":{"start":{"line":34,"column":8},"end":{"line":34,"column":33}},"20":{"start":{"line":37,"column":4},"end":{"line":37,"column":63}},"21":{"start":{"line":38,"column":4},"end":{"line":38,"column":79}},"22":{"start":{"line":38,"column":17},"end":{"line":38,"column":78}},"23":{"start":{"line":41,"column":21},"end":{"line":46,"column":3}},"24":{"start":{"line":42,"column":4},"end":{"line":45,"column":50}},"25":{"start":{"line":43,"column":18},"end":{"line":43,"column":34}},"26":{"start":{"line":44,"column":6},"end":{"line":44,"column":30}},"27":{"start":{"line":45,"column":14},"end":{"line":45,"column":48}},"28":{"start":{"line":48,"column":23},"end":{"line":52,"column":3}},"29":{"start":{"line":49,"column":4},"end":{"line":49,"column":65}},"30":{"start":{"line":49,"column":58},"end":{"line":49,"column":65}},"31":{"start":{"line":50,"column":4},"end":{"line":51,"column":48}},"32":{"start":{"line":50,"column":10},"end":{"line":50,"column":31}},"33":{"start":{"line":50,"column":32},"end":{"line":50,"column":45}},"34":{"start":{"line":51,"column":12},"end":{"line":51,"column":46}},"35":{"start":{"line":54,"column":20},"end":{"line":57,"column":3}},"36":{"start":{"line":55,"column":4},"end":{"line":56,"column":45}},"37":{"start":{"line":55,"column":10},"end":{"line":55,"column":28}},"38":{"start":{"line":55,"column":29},"end":{"line":55,"column":42}},"39":{"start":{"line":56,"column":12},"end":{"line":56,"column":43}},"40":{"start":{"line":59,"column":24},"end":{"line":62,"column":3}},"41":{"start":{"line":60,"column":4},"end":{"line":61,"column":49}},"42":{"start":{"line":60,"column":10},"end":{"line":60,"column":32}},"43":{"start":{"line":60,"column":33},"end":{"line":60,"column":46}},"44":{"start":{"line":61,"column":12},"end":{"line":61,"column":47}},"45":{"start":{"line":64,"column":22},"end":{"line":67,"column":3}},"46":{"start":{"line":65,"column":4},"end":{"line":66,"column":47}},"47":{"start":{"line":65,"column":10},"end":{"line":65,"column":30}},"48":{"start":{"line":65,"column":31},"end":{"line":65,"column":44}},"49":{"start":{"line":66,"column":12},"end":{"line":66,"column":45}},"50":{"start":{"line":69,"column":24},"end":{"line":72,"column":3}},"51":{"start":{"line":70,"column":4},"end":{"line":71,"column":49}},"52":{"start":{"line":70,"column":10},"end":{"line":70,"column":32}},"53":{"start":{"line":70,"column":33},"end":{"line":70,"column":46}},"54":{"start":{"line":71,"column":12},"end":{"line":71,"column":47}},"55":{"start":{"line":74,"column":21},"end":{"line":90,"column":3}},"56":{"start":{"line":75,"column":23},"end":{"line":81,"column":9}},"57":{"start":{"line":76,"column":19},"end":{"line":76,"column":31}},"58":{"start":{"line":77,"column":17},"end":{"line":81,"column":7}},"59":{"start":{"line":82,"column":17},"end":{"line":82,"column":94}},"60":{"start":{"line":83,"column":16},"end":{"line":83,"column":41}},"61":{"start":{"line":84,"column":14},"end":{"line":84,"column":41}},"62":{"start":{"line":85,"column":4},"end":{"line":85,"column":17}},"63":{"start":{"line":86,"column":4},"end":{"line":86,"column":81}},"64":{"start":{"line":87,"column":4},"end":{"line":87,"column":14}},"65":{"start":{"line":88,"column":4},"end":{"line":88,"column":29}},"66":{"start":{"line":89,"column":4},"end":{"line":89,"column":29}},"67":{"start":{"line":92,"column":20},"end":{"line":113,"column":3}},"68":{"start":{"line":93,"column":20},"end":{"line":93,"column":88}},"69":{"start":{"line":94,"column":17},"end":{"line":103,"column":8}},"70":{"start":{"line":95,"column":19},"end":{"line":95,"column":31}},"71":{"start":{"line":96,"column":16},"end":{"line":103,"column":7}},"72":{"start":{"line":104,"column":16},"end":{"line":104,"column":77}},"73":{"start":{"line":104,"column":53},"end":{"line":104,"column":64}},"74":{"start":{"line":105,"column":17},"end":{"line":105,"column":54}},"75":{"start":{"line":106,"column":16},"end":{"line":106,"column":41}},"76":{"start":{"line":107,"column":14},"end":{"line":107,"column":41}},"77":{"start":{"line":108,"column":4},"end":{"line":108,"column":17}},"78":{"start":{"line":109,"column":4},"end":{"line":109,"column":80}},"79":{"start":{"line":110,"column":4},"end":{"line":110,"column":14}},"80":{"start":{"line":111,"column":4},"end":{"line":111,"column":29}},"81":{"start":{"line":112,"column":4},"end":{"line":112,"column":29}},"82":{"start":{"line":115,"column":20},"end":{"line":163,"column":3}},"83":{"start":{"line":116,"column":24},"end":{"line":116,"column":55}},"84":{"start":{"line":116,"column":42},"end":{"line":116,"column":54}},"85":{"start":{"line":117,"column":17},"end":{"line":157,"column":5}},"86":{"start":{"line":144,"column":31},"end":{"line":154,"column":9}},"87":{"start":{"line":158,"column":17},"end":{"line":158,"column":56}},"88":{"start":{"line":159,"column":16},"end":{"line":159,"column":41}},"89":{"start":{"line":160,"column":16},"end":{"line":160,"column":42}},"90":{"start":{"line":161,"column":4},"end":{"line":161,"column":66}},"91":{"start":{"line":161,"column":25},"end":{"line":161,"column":37}},"92":{"start":{"line":161,"column":38},"end":{"line":161,"column":63}},"93":{"start":{"line":162,"column":4},"end":{"line":162,"column":29}},"94":{"start":{"line":165,"column":23},"end":{"line":190,"column":3}},"95":{"start":{"line":166,"column":17},"end":{"line":166,"column":34}},"96":{"start":{"line":167,"column":4},"end":{"line":167,"column":22}},"97":{"start":{"line":167,"column":15},"end":{"line":167,"column":22}},"98":{"start":{"line":168,"column":4},"end":{"line":168,"column":33}},"99":{"start":{"line":169,"column":4},"end":{"line":188,"column":5}},"100":{"start":{"line":170,"column":19},"end":{"line":170,"column":36}},"101":{"start":{"line":171,"column":19},"end":{"line":171,"column":35}},"102":{"start":{"line":172,"column":6},"end":{"line":172,"column":66}},"103":{"start":{"line":172,"column":32},"end":{"line":172,"column":66}},"104":{"start":{"line":173,"column":21},"end":{"line":173,"column":22}},"105":{"start":{"line":174,"column":19},"end":{"line":174,"column":20}},"106":{"start":{"line":175,"column":6},"end":{"line":181,"column":7}},"107":{"start":{"line":176,"column":8},"end":{"line":176,"column":65}},"108":{"start":{"line":176,"column":44},"end":{"line":176,"column":53}},"109":{"start":{"line":176,"column":54},"end":{"line":176,"column":63}},"110":{"start":{"line":177,"column":8},"end":{"line":180,"column":29}},"111":{"start":{"line":178,"column":10},"end":{"line":178,"column":111}},"112":{"start":{"line":179,"column":10},"end":{"line":179,"column":21}},"113":{"start":{"line":180,"column":18},"end":{"line":180,"column":27}},"114":{"start":{"line":182,"column":6},"end":{"line":182,"column":25}},"115":{"start":{"line":183,"column":6},"end":{"line":183,"column":96}},"116":{"start":{"line":184,"column":6},"end":{"line":184,"column":50}},"117":{"start":{"line":184,"column":23},"end":{"line":184,"column":42}},"118":{"start":{"line":186,"column":6},"end":{"line":186,"column":45}},"119":{"start":{"line":187,"column":6},"end":{"line":187,"column":50}},"120":{"start":{"line":187,"column":23},"end":{"line":187,"column":42}},"121":{"start":{"line":189,"column":4},"end":{"line":189,"column":24}},"122":{"start":{"line":192,"column":21},"end":{"line":200,"column":3}},"123":{"start":{"line":193,"column":17},"end":{"line":193,"column":37}},"124":{"start":{"line":194,"column":16},"end":{"line":194,"column":26}},"125":{"start":{"line":195,"column":17},"end":{"line":195,"column":65}},"126":{"start":{"line":196,"column":4},"end":{"line":196,"column":35}},"127":{"start":{"line":196,"column":20},"end":{"line":196,"column":35}},"128":{"start":{"line":197,"column":4},"end":{"line":197,"column":39}},"129":{"start":{"line":197,"column":20},"end":{"line":197,"column":39}},"130":{"start":{"line":198,"column":4},"end":{"line":198,"column":44}},"131":{"start":{"line":198,"column":18},"end":{"line":198,"column":44}},"132":{"start":{"line":199,"column":4},"end":{"line":199,"column":80}},"133":{"start":{"line":202,"column":27},"end":{"line":211,"column":3}},"134":{"start":{"line":203,"column":19},"end":{"line":203,"column":24}},"135":{"start":{"line":204,"column":4},"end":{"line":207,"column":69}},"136":{"start":{"line":204,"column":36},"end":{"line":204,"column":93}},"137":{"start":{"line":204,"column":65},"end":{"line":204,"column":91}},"138":{"start":{"line":205,"column":9},"end":{"line":207,"column":69}},"139":{"start":{"line":205,"column":43},"end":{"line":205,"column":102}},"140":{"start":{"line":205,"column":72},"end":{"line":205,"column":100}},"141":{"start":{"line":206,"column":9},"end":{"line":207,"column":69}},"142":{"start":{"line":206,"column":40},"end":{"line":206,"column":82}},"143":{"start":{"line":206,"column":69},"end":{"line":206,"column":80}},"144":{"start":{"line":207,"column":9},"end":{"line":207,"column":69}},"145":{"start":{"line":207,"column":38},"end":{"line":207,"column":67}},"146":{"start":{"line":208,"column":4},"end":{"line":208,"column":87}},"147":{"start":{"line":208,"column":24},"end":{"line":208,"column":87}},"148":{"start":{"line":208,"column":56},"end":{"line":208,"column":85}},"149":{"start":{"line":209,"column":4},"end":{"line":209,"column":102}},"150":{"start":{"line":209,"column":16},"end":{"line":209,"column":102}},"151":{"start":{"line":209,"column":48},"end":{"line":209,"column":100}},"152":{"start":{"line":210,"column":4},"end":{"line":210,"column":20}},"153":{"start":{"line":213,"column":24},"end":{"line":213,"column":42}},"154":{"start":{"line":214,"column":24},"end":{"line":214,"column":100}},"155":{"start":{"line":216,"column":2},"end":{"line":389,"column":4}},"156":{"start":{"line":238,"column":51},"end":{"line":238,"column":74}},"157":{"start":{"line":250,"column":35},"end":{"line":250,"column":60}},"158":{"start":{"line":252,"column":33},"end":{"line":252,"column":113}},"159":{"start":{"line":253,"column":33},"end":{"line":253,"column":81}},"160":{"start":{"line":259,"column":37},"end":{"line":259,"column":71}},"161":{"start":{"line":261,"column":35},"end":{"line":261,"column":115}},"162":{"start":{"line":262,"column":35},"end":{"line":262,"column":83}},"163":{"start":{"line":280,"column":20},"end":{"line":289,"column":29}},"164":{"start":{"line":282,"column":41},"end":{"line":282,"column":121}},"165":{"start":{"line":283,"column":41},"end":{"line":283,"column":89}},"166":{"start":{"line":295,"column":35},"end":{"line":295,"column":57}},"167":{"start":{"line":297,"column":33},"end":{"line":297,"column":77}},"168":{"start":{"line":298,"column":33},"end":{"line":298,"column":77}},"169":{"start":{"line":308,"column":61},"end":{"line":308,"column":90}},"170":{"start":{"line":308,"column":138},"end":{"line":308,"column":159}},"171":{"start":{"line":308,"column":161},"end":{"line":308,"column":227}},"172":{"start":{"line":309,"column":56},"end":{"line":309,"column":82}},"173":{"start":{"line":309,"column":118},"end":{"line":309,"column":130}},"174":{"start":{"line":312,"column":12},"end":{"line":316,"column":18}},"175":{"start":{"line":337,"column":16},"end":{"line":382,"column":22}},"176":{"start":{"line":338,"column":37},"end":{"line":338,"column":118}},"177":{"start":{"line":339,"column":37},"end":{"line":339,"column":83}},"178":{"start":{"line":358,"column":34},"end":{"line":358,"column":120}},"179":{"start":{"line":358,"column":55},"end":{"line":358,"column":77}},"180":{"start":{"line":359,"column":22},"end":{"line":359,"column":190}},"181":{"start":{"line":366,"column":47},"end":{"line":366,"column":70}},"182":{"start":{"line":367,"column":47},"end":{"line":367,"column":69}},"183":{"start":{"line":371,"column":47},"end":{"line":371,"column":77}},"184":{"start":{"line":372,"column":47},"end":{"line":372,"column":66}},"185":{"start":{"line":375,"column":47},"end":{"line":375,"column":70}},"186":{"start":{"line":378,"column":47},"end":{"line":378,"column":68}}},"fnMap":{"0":{"name":"(anonymous_0)","decl":{"start":{"line":9,"column":18},"end":{"line":9,"column":19}},"loc":{"start":{"line":9,"column":24},"end":{"line":390,"column":1}},"line":9},"1":{"name":"(anonymous_1)","decl":{"start":{"line":29,"column":12},"end":{"line":29,"column":13}},"loc":{"start":{"line":29,"column":18},"end":{"line":29,"column":35}},"line":29},"2":{"name":"(anonymous_2)","decl":{"start":{"line":31,"column":12},"end":{"line":31,"column":13}},"loc":{"start":{"line":31,"column":18},"end":{"line":39,"column":3}},"line":31},"3":{"name":"(anonymous_3)","decl":{"start":{"line":32,"column":31},"end":{"line":32,"column":32}},"loc":{"start":{"line":32,"column":38},"end":{"line":36,"column":5}},"line":32},"4":{"name":"(anonymous_4)","decl":{"start":{"line":38,"column":11},"end":{"line":38,"column":12}},"loc":{"start":{"line":38,"column":17},"end":{"line":38,"column":78}},"line":38},"5":{"name":"(anonymous_5)","decl":{"start":{"line":41,"column":21},"end":{"line":41,"column":22}},"loc":{"start":{"line":41,"column":33},"end":{"line":46,"column":3}},"line":41},"6":{"name":"(anonymous_6)","decl":{"start":{"line":48,"column":23},"end":{"line":48,"column":24}},"loc":{"start":{"line":48,"column":37},"end":{"line":52,"column":3}},"line":48},"7":{"name":"(anonymous_7)","decl":{"start":{"line":54,"column":20},"end":{"line":54,"column":21}},"loc":{"start":{"line":54,"column":34},"end":{"line":57,"column":3}},"line":54},"8":{"name":"(anonymous_8)","decl":{"start":{"line":59,"column":24},"end":{"line":59,"column":25}},"loc":{"start":{"line":59,"column":38},"end":{"line":62,"column":3}},"line":59},"9":{"name":"(anonymous_9)","decl":{"start":{"line":64,"column":22},"end":{"line":64,"column":23}},"loc":{"start":{"line":64,"column":36},"end":{"line":67,"column":3}},"line":64},"10":{"name":"(anonymous_10)","decl":{"start":{"line":69,"column":24},"end":{"line":69,"column":25}},"loc":{"start":{"line":69,"column":38},"end":{"line":72,"column":3}},"line":69},"11":{"name":"(anonymous_11)","decl":{"start":{"line":74,"column":21},"end":{"line":74,"column":22}},"loc":{"start":{"line":74,"column":27},"end":{"line":90,"column":3}},"line":74},"12":{"name":"(anonymous_12)","decl":{"start":{"line":76,"column":14},"end":{"line":76,"column":15}},"loc":{"start":{"line":76,"column":19},"end":{"line":76,"column":31}},"line":76},"13":{"name":"(anonymous_13)","decl":{"start":{"line":77,"column":11},"end":{"line":77,"column":12}},"loc":{"start":{"line":77,"column":17},"end":{"line":81,"column":7}},"line":77},"14":{"name":"(anonymous_14)","decl":{"start":{"line":92,"column":20},"end":{"line":92,"column":21}},"loc":{"start":{"line":92,"column":26},"end":{"line":113,"column":3}},"line":92},"15":{"name":"(anonymous_15)","decl":{"start":{"line":95,"column":14},"end":{"line":95,"column":15}},"loc":{"start":{"line":95,"column":19},"end":{"line":95,"column":31}},"line":95},"16":{"name":"(anonymous_16)","decl":{"start":{"line":96,"column":11},"end":{"line":96,"column":12}},"loc":{"start":{"line":96,"column":16},"end":{"line":103,"column":7}},"line":96},"17":{"name":"(anonymous_17)","decl":{"start":{"line":104,"column":48},"end":{"line":104,"column":49}},"loc":{"start":{"line":104,"column":53},"end":{"line":104,"column":64}},"line":104},"18":{"name":"(anonymous_18)","decl":{"start":{"line":115,"column":20},"end":{"line":115,"column":21}},"loc":{"start":{"line":115,"column":26},"end":{"line":163,"column":3}},"line":115},"19":{"name":"(anonymous_19)","decl":{"start":{"line":116,"column":37},"end":{"line":116,"column":38}},"loc":{"start":{"line":116,"column":42},"end":{"line":116,"column":54}},"line":116},"20":{"name":"(anonymous_20)","decl":{"start":{"line":144,"column":26},"end":{"line":144,"column":27}},"loc":{"start":{"line":144,"column":31},"end":{"line":154,"column":9}},"line":144},"21":{"name":"(anonymous_21)","decl":{"start":{"line":161,"column":17},"end":{"line":161,"column":18}},"loc":{"start":{"line":161,"column":23},"end":{"line":161,"column":65}},"line":161},"22":{"name":"(anonymous_22)","decl":{"start":{"line":165,"column":23},"end":{"line":165,"column":24}},"loc":{"start":{"line":165,"column":36},"end":{"line":190,"column":3}},"line":165},"23":{"name":"(anonymous_23)","decl":{"start":{"line":184,"column":17},"end":{"line":184,"column":18}},"loc":{"start":{"line":184,"column":23},"end":{"line":184,"column":42}},"line":184},"24":{"name":"(anonymous_24)","decl":{"start":{"line":187,"column":17},"end":{"line":187,"column":18}},"loc":{"start":{"line":187,"column":23},"end":{"line":187,"column":42}},"line":187},"25":{"name":"(anonymous_25)","decl":{"start":{"line":192,"column":21},"end":{"line":192,"column":22}},"loc":{"start":{"line":192,"column":37},"end":{"line":200,"column":3}},"line":192},"26":{"name":"(anonymous_26)","decl":{"start":{"line":202,"column":27},"end":{"line":202,"column":28}},"loc":{"start":{"line":202,"column":33},"end":{"line":211,"column":3}},"line":202},"27":{"name":"(anonymous_27)","decl":{"start":{"line":204,"column":60},"end":{"line":204,"column":61}},"loc":{"start":{"line":204,"column":65},"end":{"line":204,"column":91}},"line":204},"28":{"name":"(anonymous_28)","decl":{"start":{"line":205,"column":67},"end":{"line":205,"column":68}},"loc":{"start":{"line":205,"column":72},"end":{"line":205,"column":100}},"line":205},"29":{"name":"(anonymous_29)","decl":{"start":{"line":206,"column":64},"end":{"line":206,"column":65}},"loc":{"start":{"line":206,"column":69},"end":{"line":206,"column":80}},"line":206},"30":{"name":"(anonymous_30)","decl":{"start":{"line":207,"column":33},"end":{"line":207,"column":34}},"loc":{"start":{"line":207,"column":38},"end":{"line":207,"column":67}},"line":207},"31":{"name":"(anonymous_31)","decl":{"start":{"line":208,"column":51},"end":{"line":208,"column":52}},"loc":{"start":{"line":208,"column":56},"end":{"line":208,"column":85}},"line":208},"32":{"name":"(anonymous_32)","decl":{"start":{"line":209,"column":43},"end":{"line":209,"column":44}},"loc":{"start":{"line":209,"column":48},"end":{"line":209,"column":100}},"line":209},"33":{"name":"(anonymous_33)","decl":{"start":{"line":238,"column":46},"end":{"line":238,"column":47}},"loc":{"start":{"line":238,"column":51},"end":{"line":238,"column":74}},"line":238},"34":{"name":"(anonymous_34)","decl":{"start":{"line":250,"column":29},"end":{"line":250,"column":30}},"loc":{"start":{"line":250,"column":35},"end":{"line":250,"column":60}},"line":250},"35":{"name":"(anonymous_35)","decl":{"start":{"line":252,"column":28},"end":{"line":252,"column":29}},"loc":{"start":{"line":252,"column":33},"end":{"line":252,"column":113}},"line":252},"36":{"name":"(anonymous_36)","decl":{"start":{"line":253,"column":28},"end":{"line":253,"column":29}},"loc":{"start":{"line":253,"column":33},"end":{"line":253,"column":81}},"line":253},"37":{"name":"(anonymous_37)","decl":{"start":{"line":259,"column":31},"end":{"line":259,"column":32}},"loc":{"start":{"line":259,"column":37},"end":{"line":259,"column":71}},"line":259},"38":{"name":"(anonymous_38)","decl":{"start":{"line":261,"column":30},"end":{"line":261,"column":31}},"loc":{"start":{"line":261,"column":35},"end":{"line":261,"column":115}},"line":261},"39":{"name":"(anonymous_39)","decl":{"start":{"line":262,"column":30},"end":{"line":262,"column":31}},"loc":{"start":{"line":262,"column":35},"end":{"line":262,"column":83}},"line":262},"40":{"name":"(anonymous_40)","decl":{"start":{"line":279,"column":24},"end":{"line":279,"column":25}},"loc":{"start":{"line":280,"column":20},"end":{"line":289,"column":29}},"line":280},"41":{"name":"(anonymous_41)","decl":{"start":{"line":282,"column":36},"end":{"line":282,"column":37}},"loc":{"start":{"line":282,"column":41},"end":{"line":282,"column":121}},"line":282},"42":{"name":"(anonymous_42)","decl":{"start":{"line":283,"column":36},"end":{"line":283,"column":37}},"loc":{"start":{"line":283,"column":41},"end":{"line":283,"column":89}},"line":283},"43":{"name":"(anonymous_43)","decl":{"start":{"line":295,"column":29},"end":{"line":295,"column":30}},"loc":{"start":{"line":295,"column":35},"end":{"line":295,"column":57}},"line":295},"44":{"name":"(anonymous_44)","decl":{"start":{"line":297,"column":28},"end":{"line":297,"column":29}},"loc":{"start":{"line":297,"column":33},"end":{"line":297,"column":77}},"line":297},"45":{"name":"(anonymous_45)","decl":{"start":{"line":298,"column":28},"end":{"line":298,"column":29}},"loc":{"start":{"line":298,"column":33},"end":{"line":298,"column":77}},"line":298},"46":{"name":"(anonymous_46)","decl":{"start":{"line":308,"column":56},"end":{"line":308,"column":57}},"loc":{"start":{"line":308,"column":61},"end":{"line":308,"column":90}},"line":308},"47":{"name":"(anonymous_47)","decl":{"start":{"line":308,"column":121},"end":{"line":308,"column":122}},"loc":{"start":{"line":308,"column":126},"end":{"line":308,"column":229}},"line":308},"48":{"name":"(anonymous_48)","decl":{"start":{"line":309,"column":51},"end":{"line":309,"column":52}},"loc":{"start":{"line":309,"column":56},"end":{"line":309,"column":82}},"line":309},"49":{"name":"(anonymous_49)","decl":{"start":{"line":309,"column":113},"end":{"line":309,"column":114}},"loc":{"start":{"line":309,"column":118},"end":{"line":309,"column":130}},"line":309},"50":{"name":"(anonymous_50)","decl":{"start":{"line":311,"column":16},"end":{"line":311,"column":17}},"loc":{"start":{"line":312,"column":12},"end":{"line":316,"column":18}},"line":312},"51":{"name":"(anonymous_51)","decl":{"start":{"line":336,"column":33},"end":{"line":336,"column":34}},"loc":{"start":{"line":337,"column":16},"end":{"line":382,"column":22}},"line":337},"52":{"name":"(anonymous_52)","decl":{"start":{"line":338,"column":32},"end":{"line":338,"column":33}},"loc":{"start":{"line":338,"column":37},"end":{"line":338,"column":118}},"line":338},"53":{"name":"(anonymous_53)","decl":{"start":{"line":339,"column":32},"end":{"line":339,"column":33}},"loc":{"start":{"line":339,"column":37},"end":{"line":339,"column":83}},"line":339},"54":{"name":"(anonymous_54)","decl":{"start":{"line":357,"column":22},"end":{"line":357,"column":23}},"loc":{"start":{"line":357,"column":28},"end":{"line":360,"column":21}},"line":357},"55":{"name":"(anonymous_55)","decl":{"start":{"line":358,"column":50},"end":{"line":358,"column":51}},"loc":{"start":{"line":358,"column":55},"end":{"line":358,"column":77}},"line":358},"56":{"name":"(anonymous_56)","decl":{"start":{"line":366,"column":41},"end":{"line":366,"column":42}},"loc":{"start":{"line":366,"column":47},"end":{"line":366,"column":70}},"line":366},"57":{"name":"(anonymous_57)","decl":{"start":{"line":367,"column":41},"end":{"line":367,"column":42}},"loc":{"start":{"line":367,"column":47},"end":{"line":367,"column":69}},"line":367},"58":{"name":"(anonymous_58)","decl":{"start":{"line":371,"column":41},"end":{"line":371,"column":42}},"loc":{"start":{"line":371,"column":47},"end":{"line":371,"column":77}},"line":371},"59":{"name":"(anonymous_59)","decl":{"start":{"line":372,"column":41},"end":{"line":372,"column":42}},"loc":{"start":{"line":372,"column":47},"end":{"line":372,"column":66}},"line":372},"60":{"name":"(anonymous_60)","decl":{"start":{"line":375,"column":41},"end":{"line":375,"column":42}},"loc":{"start":{"line":375,"column":47},"end":{"line":375,"column":70}},"line":375},"61":{"name":"(anonymous_61)","decl":{"start":{"line":378,"column":41},"end":{"line":378,"column":42}},"loc":{"start":{"line":378,"column":47},"end":{"line":378,"column":68}},"line":378}},"branchMap":{"0":{"loc":{"start":{"line":33,"column":6},"end":{"line":35,"column":7}},"type":"if","locations":[{"start":{"line":33,"column":6},"end":{"line":35,"column":7}},{"start":{},"end":{}}],"line":33},"1":{"loc":{"start":{"line":33,"column":10},"end":{"line":33,"column":76}},"type":"binary-expr","locations":[{"start":{"line":33,"column":10},"end":{"line":33,"column":31}},{"start":{"line":33,"column":35},"end":{"line":33,"column":76}}],"line":33},"2":{"loc":{"start":{"line":49,"column":4},"end":{"line":49,"column":65}},"type":"if","locations":[{"start":{"line":49,"column":4},"end":{"line":49,"column":65}},{"start":{},"end":{}}],"line":49},"3":{"loc":{"start":{"line":99,"column":12},"end":{"line":99,"column":35}},"type":"binary-expr","locations":[{"start":{"line":99,"column":12},"end":{"line":99,"column":22}},{"start":{"line":99,"column":26},"end":{"line":99,"column":35}}],"line":99},"4":{"loc":{"start":{"line":100,"column":8},"end":{"line":100,"column":33}},"type":"cond-expr","locations":[{"start":{"line":100,"column":21},"end":{"line":100,"column":26}},{"start":{"line":100,"column":29},"end":{"line":100,"column":33}}],"line":100},"5":{"loc":{"start":{"line":101,"column":8},"end":{"line":101,"column":35}},"type":"cond-expr","locations":[{"start":{"line":101,"column":23},"end":{"line":101,"column":28}},{"start":{"line":101,"column":31},"end":{"line":101,"column":35}}],"line":101},"6":{"loc":{"start":{"line":148,"column":36},"end":{"line":148,"column":59}},"type":"binary-expr","locations":[{"start":{"line":148,"column":36},"end":{"line":148,"column":46}},{"start":{"line":148,"column":50},"end":{"line":148,"column":59}}],"line":148},"7":{"loc":{"start":{"line":149,"column":16},"end":{"line":149,"column":72}},"type":"cond-expr","locations":[{"start":{"line":149,"column":29},"end":{"line":149,"column":67}},{"start":{"line":149,"column":70},"end":{"line":149,"column":72}}],"line":149},"8":{"loc":{"start":{"line":167,"column":4},"end":{"line":167,"column":22}},"type":"if","locations":[{"start":{"line":167,"column":4},"end":{"line":167,"column":22}},{"start":{},"end":{}}],"line":167},"9":{"loc":{"start":{"line":172,"column":6},"end":{"line":172,"column":66}},"type":"if","locations":[{"start":{"line":172,"column":6},"end":{"line":172,"column":66}},{"start":{},"end":{}}],"line":172},"10":{"loc":{"start":{"line":176,"column":8},"end":{"line":176,"column":65}},"type":"if","locations":[{"start":{"line":176,"column":8},"end":{"line":176,"column":65}},{"start":{},"end":{}}],"line":176},"11":{"loc":{"start":{"line":176,"column":12},"end":{"line":176,"column":40}},"type":"binary-expr","locations":[{"start":{"line":176,"column":12},"end":{"line":176,"column":23}},{"start":{"line":176,"column":27},"end":{"line":176,"column":40}}],"line":176},"12":{"loc":{"start":{"line":178,"column":81},"end":{"line":178,"column":107}},"type":"binary-expr","locations":[{"start":{"line":178,"column":81},"end":{"line":178,"column":94}},{"start":{"line":178,"column":98},"end":{"line":178,"column":107}}],"line":178},"13":{"loc":{"start":{"line":183,"column":53},"end":{"line":183,"column":92}},"type":"cond-expr","locations":[{"start":{"line":183,"column":66},"end":{"line":183,"column":87}},{"start":{"line":183,"column":90},"end":{"line":183,"column":92}}],"line":183},"14":{"loc":{"start":{"line":196,"column":4},"end":{"line":196,"column":35}},"type":"if","locations":[{"start":{"line":196,"column":4},"end":{"line":196,"column":35}},{"start":{},"end":{}}],"line":196},"15":{"loc":{"start":{"line":197,"column":4},"end":{"line":197,"column":39}},"type":"if","locations":[{"start":{"line":197,"column":4},"end":{"line":197,"column":39}},{"start":{},"end":{}}],"line":197},"16":{"loc":{"start":{"line":198,"column":4},"end":{"line":198,"column":44}},"type":"if","locations":[{"start":{"line":198,"column":4},"end":{"line":198,"column":44}},{"start":{},"end":{}}],"line":198},"17":{"loc":{"start":{"line":204,"column":4},"end":{"line":207,"column":69}},"type":"if","locations":[{"start":{"line":204,"column":4},"end":{"line":207,"column":69}},{"start":{"line":205,"column":9},"end":{"line":207,"column":69}}],"line":204},"18":{"loc":{"start":{"line":204,"column":65},"end":{"line":204,"column":91}},"type":"binary-expr","locations":[{"start":{"line":204,"column":65},"end":{"line":204,"column":75}},{"start":{"line":204,"column":79},"end":{"line":204,"column":91}}],"line":204},"19":{"loc":{"start":{"line":205,"column":9},"end":{"line":207,"column":69}},"type":"if","locations":[{"start":{"line":205,"column":9},"end":{"line":207,"column":69}},{"start":{"line":206,"column":9},"end":{"line":207,"column":69}}],"line":205},"20":{"loc":{"start":{"line":205,"column":72},"end":{"line":205,"column":100}},"type":"binary-expr","locations":[{"start":{"line":205,"column":72},"end":{"line":205,"column":84}},{"start":{"line":205,"column":88},"end":{"line":205,"column":100}}],"line":205},"21":{"loc":{"start":{"line":206,"column":9},"end":{"line":207,"column":69}},"type":"if","locations":[{"start":{"line":206,"column":9},"end":{"line":207,"column":69}},{"start":{"line":207,"column":9},"end":{"line":207,"column":69}}],"line":206},"22":{"loc":{"start":{"line":207,"column":38},"end":{"line":207,"column":67}},"type":"binary-expr","locations":[{"start":{"line":207,"column":38},"end":{"line":207,"column":50}},{"start":{"line":207,"column":54},"end":{"line":207,"column":67}}],"line":207},"23":{"loc":{"start":{"line":208,"column":4},"end":{"line":208,"column":87}},"type":"if","locations":[{"start":{"line":208,"column":4},"end":{"line":208,"column":87}},{"start":{},"end":{}}],"line":208},"24":{"loc":{"start":{"line":209,"column":4},"end":{"line":209,"column":102}},"type":"if","locations":[{"start":{"line":209,"column":4},"end":{"line":209,"column":102}},{"start":{},"end":{}}],"line":209},"25":{"loc":{"start":{"line":238,"column":13},"end":{"line":238,"column":113}},"type":"cond-expr","locations":[{"start":{"line":238,"column":30},"end":{"line":238,"column":82}},{"start":{"line":238,"column":85},"end":{"line":238,"column":113}}],"line":238},"26":{"loc":{"start":{"line":242,"column":13},"end":{"line":248,"column":13}},"type":"binary-expr","locations":[{"start":{"line":242,"column":13},"end":{"line":242,"column":25}},{"start":{"line":243,"column":14},"end":{"line":247,"column":38}}],"line":242},"27":{"loc":{"start":{"line":245,"column":28},"end":{"line":245,"column":80}},"type":"cond-expr","locations":[{"start":{"line":245,"column":59},"end":{"line":245,"column":68}},{"start":{"line":245,"column":71},"end":{"line":245,"column":80}}],"line":245},"28":{"loc":{"start":{"line":246,"column":23},"end":{"line":246,"column":75}},"type":"cond-expr","locations":[{"start":{"line":246,"column":54},"end":{"line":246,"column":63}},{"start":{"line":246,"column":66},"end":{"line":246,"column":75}}],"line":246},"29":{"loc":{"start":{"line":252,"column":68},"end":{"line":252,"column":113}},"type":"cond-expr","locations":[{"start":{"line":252,"column":77},"end":{"line":252,"column":101}},{"start":{"line":252,"column":104},"end":{"line":252,"column":113}}],"line":252},"30":{"loc":{"start":{"line":261,"column":70},"end":{"line":261,"column":115}},"type":"cond-expr","locations":[{"start":{"line":261,"column":79},"end":{"line":261,"column":103}},{"start":{"line":261,"column":106},"end":{"line":261,"column":115}}],"line":261},"31":{"loc":{"start":{"line":268,"column":15},"end":{"line":292,"column":15}},"type":"binary-expr","locations":[{"start":{"line":268,"column":15},"end":{"line":268,"column":29}},{"start":{"line":269,"column":16},"end":{"line":291,"column":22}}],"line":268},"32":{"loc":{"start":{"line":282,"column":76},"end":{"line":282,"column":121}},"type":"cond-expr","locations":[{"start":{"line":282,"column":85},"end":{"line":282,"column":109}},{"start":{"line":282,"column":112},"end":{"line":282,"column":121}}],"line":282},"33":{"loc":{"start":{"line":308,"column":61},"end":{"line":308,"column":90}},"type":"binary-expr","locations":[{"start":{"line":308,"column":61},"end":{"line":308,"column":73}},{"start":{"line":308,"column":77},"end":{"line":308,"column":90}}],"line":308},"34":{"loc":{"start":{"line":308,"column":168},"end":{"line":308,"column":226}},"type":"binary-expr","locations":[{"start":{"line":308,"column":168},"end":{"line":308,"column":210}},{"start":{"line":308,"column":214},"end":{"line":308,"column":226}}],"line":308},"35":{"loc":{"start":{"line":309,"column":56},"end":{"line":309,"column":82}},"type":"binary-expr","locations":[{"start":{"line":309,"column":56},"end":{"line":309,"column":66}},{"start":{"line":309,"column":70},"end":{"line":309,"column":82}}],"line":309},"36":{"loc":{"start":{"line":310,"column":44},"end":{"line":310,"column":159}},"type":"cond-expr","locations":[{"start":{"line":310,"column":62},"end":{"line":310,"column":151}},{"start":{"line":310,"column":154},"end":{"line":310,"column":159}}],"line":310},"37":{"loc":{"start":{"line":312,"column":55},"end":{"line":312,"column":100}},"type":"cond-expr","locations":[{"start":{"line":312,"column":64},"end":{"line":312,"column":88}},{"start":{"line":312,"column":91},"end":{"line":312,"column":100}}],"line":312},"38":{"loc":{"start":{"line":315,"column":15},"end":{"line":315,"column":117}},"type":"binary-expr","locations":[{"start":{"line":315,"column":15},"end":{"line":315,"column":23}},{"start":{"line":315,"column":27},"end":{"line":315,"column":117}}],"line":315},"39":{"loc":{"start":{"line":322,"column":11},"end":{"line":322,"column":168}},"type":"binary-expr","locations":[{"start":{"line":322,"column":11},"end":{"line":322,"column":16}},{"start":{"line":322,"column":20},"end":{"line":322,"column":168}}],"line":322},"40":{"loc":{"start":{"line":324,"column":11},"end":{"line":385,"column":11}},"type":"cond-expr","locations":[{"start":{"line":325,"column":12},"end":{"line":333,"column":18}},{"start":{"line":335,"column":12},"end":{"line":384,"column":18}}],"line":324},"41":{"loc":{"start":{"line":327,"column":17},"end":{"line":327,"column":131}},"type":"cond-expr","locations":[{"start":{"line":327,"column":45},"end":{"line":327,"column":50}},{"start":{"line":327,"column":53},"end":{"line":327,"column":131}}],"line":327},"42":{"loc":{"start":{"line":327,"column":53},"end":{"line":327,"column":131}},"type":"cond-expr","locations":[{"start":{"line":327,"column":84},"end":{"line":327,"column":88}},{"start":{"line":327,"column":91},"end":{"line":327,"column":131}}],"line":327},"43":{"loc":{"start":{"line":327,"column":91},"end":{"line":327,"column":131}},"type":"cond-expr","locations":[{"start":{"line":327,"column":120},"end":{"line":327,"column":124}},{"start":{"line":327,"column":127},"end":{"line":327,"column":131}}],"line":327},"44":{"loc":{"start":{"line":330,"column":17},"end":{"line":330,"column":103}},"type":"cond-expr","locations":[{"start":{"line":330,"column":26},"end":{"line":330,"column":42}},{"start":{"line":330,"column":45},"end":{"line":330,"column":103}}],"line":330},"45":{"loc":{"start":{"line":330,"column":51},"end":{"line":330,"column":95}},"type":"cond-expr","locations":[{"start":{"line":330,"column":77},"end":{"line":330,"column":79}},{"start":{"line":330,"column":82},"end":{"line":330,"column":95}}],"line":330},"46":{"loc":{"start":{"line":332,"column":47},"end":{"line":332,"column":106}},"type":"cond-expr","locations":[{"start":{"line":332,"column":56},"end":{"line":332,"column":85}},{"start":{"line":332,"column":88},"end":{"line":332,"column":106}}],"line":332},"47":{"loc":{"start":{"line":338,"column":73},"end":{"line":338,"column":118}},"type":"cond-expr","locations":[{"start":{"line":338,"column":82},"end":{"line":338,"column":106}},{"start":{"line":338,"column":109},"end":{"line":338,"column":118}}],"line":338},"48":{"loc":{"start":{"line":341,"column":19},"end":{"line":345,"column":19}},"type":"binary-expr","locations":[{"start":{"line":341,"column":19},"end":{"line":341,"column":32}},{"start":{"line":342,"column":20},"end":{"line":344,"column":26}}],"line":341},"49":{"loc":{"start":{"line":348,"column":113},"end":{"line":348,"column":141}},"type":"cond-expr","locations":[{"start":{"line":348,"column":129},"end":{"line":348,"column":135}},{"start":{"line":348,"column":138},"end":{"line":348,"column":141}}],"line":348},"50":{"loc":{"start":{"line":358,"column":34},"end":{"line":358,"column":120}},"type":"binary-expr","locations":[{"start":{"line":358,"column":34},"end":{"line":358,"column":78}},{"start":{"line":358,"column":82},"end":{"line":358,"column":120}}],"line":358},"51":{"loc":{"start":{"line":364,"column":21},"end":{"line":380,"column":21}},"type":"cond-expr","locations":[{"start":{"line":365,"column":22},"end":{"line":368,"column":25}},{"start":{"line":370,"column":22},"end":{"line":379,"column":25}}],"line":364},"52":{"loc":{"start":{"line":372,"column":110},"end":{"line":372,"column":163}},"type":"cond-expr","locations":[{"start":{"line":372,"column":126},"end":{"line":372,"column":147}},{"start":{"line":372,"column":150},"end":{"line":372,"column":163}}],"line":372},"53":{"loc":{"start":{"line":372,"column":186},"end":{"line":372,"column":225}},"type":"cond-expr","locations":[{"start":{"line":372,"column":202},"end":{"line":372,"column":211}},{"start":{"line":372,"column":214},"end":{"line":372,"column":225}}],"line":372},"54":{"loc":{"start":{"line":372,"column":275},"end":{"line":372,"column":316}},"type":"cond-expr","locations":[{"start":{"line":372,"column":291},"end":{"line":372,"column":300}},{"start":{"line":372,"column":303},"end":{"line":372,"column":316}}],"line":372},"55":{"loc":{"start":{"line":373,"column":27},"end":{"line":373,"column":58}},"type":"cond-expr","locations":[{"start":{"line":373,"column":43},"end":{"line":373,"column":50}},{"start":{"line":373,"column":53},"end":{"line":373,"column":58}}],"line":373},"56":{"loc":{"start":{"line":376,"column":27},"end":{"line":376,"column":68}},"type":"cond-expr","locations":[{"start":{"line":376,"column":45},"end":{"line":376,"column":56}},{"start":{"line":376,"column":59},"end":{"line":376,"column":68}}],"line":376}},"s":{"0":1,"1":5,"2":5,"3":5,"4":5,"5":5,"6":5,"7":5,"8":5,"9":5,"10":5,"11":5,"12":5,"13":5,"14":5,"15":5,"16":5,"17":5,"18":0,"19":0,"20":5,"21":5,"22":5,"23":5,"24":5,"25":5,"26":5,"27":0,"28":5,"29":0,"30":0,"31":0,"32":0,"33":0,"34":0,"35":5,"36":0,"37":0,"38":0,"39":0,"40":5,"41":0,"42":0,"43":0,"44":0,"45":5,"46":0,"47":0,"48":0,"49":0,"50":5,"51":0,"52":0,"53":0,"54":0,"55":5,"56":0,"57":0,"58":0,"59":0,"60":0,"61":0,"62":0,"63":0,"64":0,"65":0,"66":0,"67":5,"68":0,"69":0,"70":0,"71":0,"72":0,"73":0,"74":0,"75":0,"76":0,"77":0,"78":0,"79":0,"80":0,"81":0,"82":5,"83":0,"84":0,"85":0,"86":0,"87":0,"88":0,"89":0,"90":0,"91":0,"92":0,"93":0,"94":5,"95":0,"96":0,"97":0,"98":0,"99":0,"100":0,"101":0,"102":0,"103":0,"104":0,"105":0,"106":0,"107":0,"108":0,"109":0,"110":0,"111":0,"112":0,"113":0,"114":0,"115":0,"116":0,"117":0,"118":0,"119":0,"120":0,"121":0,"122":5,"123":0,"124":0,"125":0,"126":0,"127":0,"128":0,"129":0,"130":0,"131":0,"132":0,"133":5,"134":5,"135":5,"136":0,"137":0,"138":5,"139":0,"140":0,"141":5,"142":0,"143":0,"144":5,"145":0,"146":5,"147":0,"148":0,"149":5,"150":0,"151":0,"152":5,"153":5,"154":5,"155":5,"156":0,"157":0,"158":0,"159":0,"160":0,"161":0,"162":0,"163":0,"164":0,"165":0,"166":0,"167":0,"168":0,"169":0,"170":0,"171":0,"172":0,"173":0,"174":15,"175":0,"176":0,"177":0,"178":0,"179":0,"180":0,"181":0,"182":0,"183":0,"184":0,"185":0,"186":0},"f":{"0":5,"1":5,"2":5,"3":0,"4":5,"5":5,"6":0,"7":0,"8":0,"9":0,"10":0,"11":0,"12":0,"13":0,"14":0,"15":0,"16":0,"17":0,"18":0,"19":0,"20":0,"21":0,"22":0,"23":0,"24":0,"25":0,"26":5,"27":0,"28":0,"29":0,"30":0,"31":0,"32":0,"33":0,"34":0,"35":0,"36":0,"37":0,"38":0,"39":0,"40":0,"41":0,"42":0,"43":0,"44":0,"45":0,"46":0,"47":0,"48":0,"49":0,"50":15,"51":0,"52":0,"53":0,"54":0,"55":0,"56":0,"57":0,"58":0,"59":0,"60":0,"61":0},"b":{"0":[0,0],"1":[0,0],"2":[0,0],"3":[0,0],"4":[0,0],"5":[0,0],"6":[0,0],"7":[0,0],"8":[0,0],"9":[0,0],"10":[0,0],"11":[0,0],"12":[0,0],"13":[0,0],"14":[0,0],"15":[0,0],"16":[0,0],"17":[0,5],"18":[0,0],"19":[0,5],"20":[0,0],"21":[0,5],"22":[0,0],"23":[0,5],"24":[0,5],"25":[0,5],"26":[5,0],"27":[0,0],"28":[0,0],"29":[0,0],"30":[0,0],"31":[5,0],"32":[0,0],"33":[0,0],"34":[0,0],"35":[0,0],"36":[5,0],"37":[0,15],"38":[15,10],"39":[5,0],"40":[5,0],"41":[0,5],"42":[0,5],"43":[0,5],"44":[0,5],"45":[5,0],"46":[0,5],"47":[0,0],"48":[0,0],"49":[0,0],"50":[0,0],"51":[0,0],"52":[0,0],"53":[0,0],"54":[0,0],"55":[0,0],"56":[0,0]},"_coverageSchema":"1a1c01bbd47fc00a2c39e90264f33305004495a9","hash":"6c1ab9426c39149f6da439f51e46dad0b5d67b3d"}
,"D:\\10P-Shine-MERN\\frontend\\src\\pages\\ForgotPassword.jsx": {"path":"D:\\10P-Shine-MERN\\frontend\\src\\pages\\ForgotPassword.jsx","statementMap":{"0":{"start":{"line":5,"column":23},"end":{"line":155,"column":1}},"1":{"start":{"line":6,"column":28},"end":{"line":6,"column":40}},"2":{"start":{"line":7,"column":30},"end":{"line":7,"column":42}},"3":{"start":{"line":8,"column":32},"end":{"line":8,"column":44}},"4":{"start":{"line":9,"column":32},"end":{"line":9,"column":47}},"5":{"start":{"line":11,"column":23},"end":{"line":32,"column":3}},"6":{"start":{"line":12,"column":4},"end":{"line":12,"column":23}},"7":{"start":{"line":13,"column":4},"end":{"line":13,"column":21}},"8":{"start":{"line":14,"column":4},"end":{"line":14,"column":18}},"9":{"start":{"line":15,"column":4},"end":{"line":15,"column":19}},"10":{"start":{"line":16,"column":4},"end":{"line":31,"column":5}},"11":{"start":{"line":17,"column":18},"end":{"line":21,"column":7}},"12":{"start":{"line":22,"column":6},"end":{"line":22,"column":41}},"13":{"start":{"line":23,"column":6},"end":{"line":23,"column":27}},"14":{"start":{"line":24,"column":6},"end":{"line":24,"column":24}},"15":{"start":{"line":26,"column":6},"end":{"line":26,"column":48}},"16":{"start":{"line":27,"column":6},"end":{"line":27,"column":25}},"17":{"start":{"line":28,"column":6},"end":{"line":28,"column":84}},"18":{"start":{"line":30,"column":6},"end":{"line":30,"column":24}},"19":{"start":{"line":34,"column":2},"end":{"line":154,"column":4}},"20":{"start":{"line":103,"column":31},"end":{"line":103,"column":55}},"21":{"start":{"line":110,"column":32},"end":{"line":110,"column":71}},"22":{"start":{"line":110,"column":72},"end":{"line":110,"column":134}},"23":{"start":{"line":111,"column":31},"end":{"line":111,"column":70}},"24":{"start":{"line":111,"column":71},"end":{"line":111,"column":105}},"25":{"start":{"line":124,"column":35},"end":{"line":124,"column":94}},"26":{"start":{"line":124,"column":49},"end":{"line":124,"column":94}},"27":{"start":{"line":125,"column":35},"end":{"line":125,"column":80}},"28":{"start":{"line":138,"column":33},"end":{"line":138,"column":47}},"29":{"start":{"line":138,"column":48},"end":{"line":138,"column":63}},"30":{"start":{"line":138,"column":64},"end":{"line":138,"column":77}}},"fnMap":{"0":{"name":"(anonymous_0)","decl":{"start":{"line":5,"column":23},"end":{"line":5,"column":24}},"loc":{"start":{"line":5,"column":29},"end":{"line":155,"column":1}},"line":5},"1":{"name":"(anonymous_1)","decl":{"start":{"line":11,"column":23},"end":{"line":11,"column":24}},"loc":{"start":{"line":11,"column":36},"end":{"line":32,"column":3}},"line":11},"2":{"name":"(anonymous_2)","decl":{"start":{"line":103,"column":26},"end":{"line":103,"column":27}},"loc":{"start":{"line":103,"column":31},"end":{"line":103,"column":55}},"line":103},"3":{"name":"(anonymous_3)","decl":{"start":{"line":110,"column":25},"end":{"line":110,"column":26}},"loc":{"start":{"line":110,"column":30},"end":{"line":110,"column":136}},"line":110},"4":{"name":"(anonymous_4)","decl":{"start":{"line":111,"column":24},"end":{"line":111,"column":25}},"loc":{"start":{"line":111,"column":29},"end":{"line":111,"column":107}},"line":111},"5":{"name":"(anonymous_5)","decl":{"start":{"line":124,"column":28},"end":{"line":124,"column":29}},"loc":{"start":{"line":124,"column":33},"end":{"line":124,"column":96}},"line":124},"6":{"name":"(anonymous_6)","decl":{"start":{"line":125,"column":28},"end":{"line":125,"column":29}},"loc":{"start":{"line":125,"column":33},"end":{"line":125,"column":82}},"line":125},"7":{"name":"(anonymous_7)","decl":{"start":{"line":138,"column":25},"end":{"line":138,"column":26}},"loc":{"start":{"line":138,"column":31},"end":{"line":138,"column":79}},"line":138}},"branchMap":{"0":{"loc":{"start":{"line":28,"column":17},"end":{"line":28,"column":82}},"type":"binary-expr","locations":[{"start":{"line":28,"column":17},"end":{"line":28,"column":44}},{"start":{"line":28,"column":48},"end":{"line":28,"column":82}}],"line":28},"1":{"loc":{"start":{"line":46,"column":88},"end":{"line":46,"column":132}},"type":"cond-expr","locations":[{"start":{"line":46,"column":111},"end":{"line":46,"column":120}},{"start":{"line":46,"column":123},"end":{"line":46,"column":132}}],"line":46},"2":{"loc":{"start":{"line":47,"column":13},"end":{"line":56,"column":13}},"type":"cond-expr","locations":[{"start":{"line":48,"column":14},"end":{"line":50,"column":20}},{"start":{"line":52,"column":14},"end":{"line":55,"column":20}}],"line":47},"3":{"loc":{"start":{"line":61,"column":11},"end":{"line":61,"column":73}},"type":"cond-expr","locations":[{"start":{"line":61,"column":34},"end":{"line":61,"column":52}},{"start":{"line":61,"column":55},"end":{"line":61,"column":73}}],"line":61},"4":{"loc":{"start":{"line":64,"column":11},"end":{"line":66,"column":65}},"type":"cond-expr","locations":[{"start":{"line":65,"column":14},"end":{"line":65,"column":48}},{"start":{"line":66,"column":14},"end":{"line":66,"column":65}}],"line":64},"5":{"loc":{"start":{"line":70,"column":9},"end":{"line":80,"column":9}},"type":"binary-expr","locations":[{"start":{"line":70,"column":9},"end":{"line":70,"column":29}},{"start":{"line":71,"column":10},"end":{"line":79,"column":16}}],"line":70},"6":{"loc":{"start":{"line":83,"column":9},"end":{"line":88,"column":9}},"type":"binary-expr","locations":[{"start":{"line":83,"column":9},"end":{"line":83,"column":27}},{"start":{"line":83,"column":31},"end":{"line":83,"column":38}},{"start":{"line":84,"column":10},"end":{"line":87,"column":28}}],"line":83},"7":{"loc":{"start":{"line":91,"column":9},"end":{"line":130,"column":9}},"type":"binary-expr","locations":[{"start":{"line":91,"column":9},"end":{"line":91,"column":29}},{"start":{"line":92,"column":10},"end":{"line":129,"column":17}}],"line":91},"8":{"loc":{"start":{"line":121,"column":59},"end":{"line":121,"column":94}},"type":"cond-expr","locations":[{"start":{"line":121,"column":69},"end":{"line":121,"column":82}},{"start":{"line":121,"column":85},"end":{"line":121,"column":94}}],"line":121},"9":{"loc":{"start":{"line":122,"column":25},"end":{"line":122,"column":42}},"type":"cond-expr","locations":[{"start":{"line":122,"column":35},"end":{"line":122,"column":38}},{"start":{"line":122,"column":41},"end":{"line":122,"column":42}}],"line":122},"10":{"loc":{"start":{"line":124,"column":35},"end":{"line":124,"column":94}},"type":"if","locations":[{"start":{"line":124,"column":35},"end":{"line":124,"column":94}},{"start":{},"end":{}}],"line":124},"11":{"loc":{"start":{"line":127,"column":15},"end":{"line":127,"column":59}},"type":"cond-expr","locations":[{"start":{"line":127,"column":25},"end":{"line":127,"column":37}},{"start":{"line":127,"column":40},"end":{"line":127,"column":59}}],"line":127},"12":{"loc":{"start":{"line":133,"column":9},"end":{"line":145,"column":9}},"type":"binary-expr","locations":[{"start":{"line":133,"column":9},"end":{"line":133,"column":29}},{"start":{"line":134,"column":10},"end":{"line":144,"column":16}}],"line":133}},"s":{"0":1,"1":36,"2":36,"3":36,"4":36,"5":36,"6":7,"7":7,"8":7,"9":7,"10":7,"11":7,"12":4,"13":4,"14":4,"15":2,"16":2,"17":2,"18":6,"19":36,"20":8,"21":0,"22":0,"23":0,"24":0,"25":0,"26":0,"27":0,"28":1,"29":1,"30":1},"f":{"0":36,"1":7,"2":8,"3":0,"4":0,"5":0,"6":0,"7":1},"b":{"0":[2,1],"1":[4,32],"2":[4,32],"3":[4,32],"4":[4,32],"5":[36,4],"6":[36,2,2],"7":[36,32],"8":[7,25],"9":[7,25],"10":[0,0],"11":[7,25],"12":[36,4]},"_coverageSchema":"1a1c01bbd47fc00a2c39e90264f33305004495a9","hash":"f9cd84f9eb4caad88cc3681bc081db1589164744"}
,"D:\\10P-Shine-MERN\\frontend\\src\\pages\\NoteEditor.jsx": {"path":"D:\\10P-Shine-MERN\\frontend\\src\\pages\\NoteEditor.jsx","statementMap":{"0":{"start":{"line":10,"column":19},"end":{"line":196,"column":1}},"1":{"start":{"line":11,"column":28},"end":{"line":11,"column":40}},"2":{"start":{"line":12,"column":32},"end":{"line":12,"column":44}},"3":{"start":{"line":13,"column":34},"end":{"line":13,"column":53}},"4":{"start":{"line":14,"column":32},"end":{"line":14,"column":47}},"5":{"start":{"line":15,"column":28},"end":{"line":15,"column":40}},"6":{"start":{"line":17,"column":19},"end":{"line":17,"column":32}},"7":{"start":{"line":18,"column":17},"end":{"line":18,"column":28}},"8":{"start":{"line":19,"column":21},"end":{"line":19,"column":31}},"9":{"start":{"line":21,"column":89},"end":{"line":21,"column":111}},"10":{"start":{"line":23,"column":2},"end":{"line":23,"column":50}},"11":{"start":{"line":23,"column":20},"end":{"line":23,"column":40}},"12":{"start":{"line":23,"column":28},"end":{"line":23,"column":40}},"13":{"start":{"line":25,"column":20},"end":{"line":34,"column":3}},"14":{"start":{"line":26,"column":4},"end":{"line":33,"column":5}},"15":{"start":{"line":27,"column":18},"end":{"line":27,"column":35}},"16":{"start":{"line":28,"column":6},"end":{"line":28,"column":36}},"17":{"start":{"line":29,"column":6},"end":{"line":29,"column":40}},"18":{"start":{"line":30,"column":6},"end":{"line":30,"column":55}},"19":{"start":{"line":32,"column":6},"end":{"line":32,"column":39}},"20":{"start":{"line":36,"column":23},"end":{"line":54,"column":3}},"21":{"start":{"line":37,"column":4},"end":{"line":37,"column":23}},"22":{"start":{"line":38,"column":4},"end":{"line":38,"column":63}},"23":{"start":{"line":38,"column":23},"end":{"line":38,"column":63}},"24":{"start":{"line":39,"column":4},"end":{"line":39,"column":99}},"25":{"start":{"line":39,"column":54},"end":{"line":39,"column":99}},"26":{"start":{"line":40,"column":4},"end":{"line":40,"column":17}},"27":{"start":{"line":41,"column":4},"end":{"line":41,"column":21}},"28":{"start":{"line":42,"column":4},"end":{"line":53,"column":5}},"29":{"start":{"line":43,"column":6},"end":{"line":47,"column":7}},"30":{"start":{"line":44,"column":8},"end":{"line":44,"column":59}},"31":{"start":{"line":46,"column":8},"end":{"line":46,"column":55}},"32":{"start":{"line":48,"column":6},"end":{"line":48,"column":29}},"33":{"start":{"line":50,"column":6},"end":{"line":50,"column":70}},"34":{"start":{"line":52,"column":6},"end":{"line":52,"column":24}},"35":{"start":{"line":56,"column":18},"end":{"line":67,"column":3}},"36":{"start":{"line":69,"column":18},"end":{"line":69,"column":108}},"37":{"start":{"line":71,"column":2},"end":{"line":195,"column":4}},"38":{"start":{"line":79,"column":10},"end":{"line":95,"column":16}},"39":{"start":{"line":79,"column":43},"end":{"line":79,"column":62}},"40":{"start":{"line":121,"column":26},"end":{"line":121,"column":65}},"41":{"start":{"line":121,"column":47},"end":{"line":121,"column":64}},"42":{"start":{"line":122,"column":14},"end":{"line":128,"column":16}},"43":{"start":{"line":134,"column":29},"end":{"line":134,"column":51}},"44":{"start":{"line":140,"column":33},"end":{"line":140,"column":113}},"45":{"start":{"line":141,"column":33},"end":{"line":141,"column":81}},"46":{"start":{"line":151,"column":35},"end":{"line":151,"column":94}},"47":{"start":{"line":151,"column":49},"end":{"line":151,"column":94}},"48":{"start":{"line":152,"column":35},"end":{"line":152,"column":80}},"49":{"start":{"line":169,"column":41},"end":{"line":169,"column":65}},"50":{"start":{"line":177,"column":28},"end":{"line":177,"column":67}},"51":{"start":{"line":177,"column":68},"end":{"line":177,"column":130}},"52":{"start":{"line":178,"column":27},"end":{"line":178,"column":67}},"53":{"start":{"line":178,"column":68},"end":{"line":178,"column":102}}},"fnMap":{"0":{"name":"(anonymous_0)","decl":{"start":{"line":10,"column":19},"end":{"line":10,"column":20}},"loc":{"start":{"line":10,"column":25},"end":{"line":196,"column":1}},"line":10},"1":{"name":"(anonymous_1)","decl":{"start":{"line":23,"column":12},"end":{"line":23,"column":13}},"loc":{"start":{"line":23,"column":18},"end":{"line":23,"column":42}},"line":23},"2":{"name":"(anonymous_2)","decl":{"start":{"line":25,"column":20},"end":{"line":25,"column":21}},"loc":{"start":{"line":25,"column":32},"end":{"line":34,"column":3}},"line":25},"3":{"name":"(anonymous_3)","decl":{"start":{"line":36,"column":23},"end":{"line":36,"column":24}},"loc":{"start":{"line":36,"column":36},"end":{"line":54,"column":3}},"line":36},"4":{"name":"(anonymous_4)","decl":{"start":{"line":78,"column":24},"end":{"line":78,"column":25}},"loc":{"start":{"line":79,"column":10},"end":{"line":95,"column":16}},"line":79},"5":{"name":"(anonymous_5)","decl":{"start":{"line":79,"column":37},"end":{"line":79,"column":38}},"loc":{"start":{"line":79,"column":43},"end":{"line":79,"column":62}},"line":79},"6":{"name":"(anonymous_6)","decl":{"start":{"line":120,"column":14},"end":{"line":120,"column":15}},"loc":{"start":{"line":120,"column":20},"end":{"line":129,"column":13}},"line":120},"7":{"name":"(anonymous_7)","decl":{"start":{"line":121,"column":42},"end":{"line":121,"column":43}},"loc":{"start":{"line":121,"column":47},"end":{"line":121,"column":64}},"line":121},"8":{"name":"(anonymous_8)","decl":{"start":{"line":134,"column":23},"end":{"line":134,"column":24}},"loc":{"start":{"line":134,"column":29},"end":{"line":134,"column":51}},"line":134},"9":{"name":"(anonymous_9)","decl":{"start":{"line":140,"column":28},"end":{"line":140,"column":29}},"loc":{"start":{"line":140,"column":33},"end":{"line":140,"column":113}},"line":140},"10":{"name":"(anonymous_10)","decl":{"start":{"line":141,"column":28},"end":{"line":141,"column":29}},"loc":{"start":{"line":141,"column":33},"end":{"line":141,"column":81}},"line":141},"11":{"name":"(anonymous_11)","decl":{"start":{"line":151,"column":28},"end":{"line":151,"column":29}},"loc":{"start":{"line":151,"column":33},"end":{"line":151,"column":96}},"line":151},"12":{"name":"(anonymous_12)","decl":{"start":{"line":152,"column":28},"end":{"line":152,"column":29}},"loc":{"start":{"line":152,"column":33},"end":{"line":152,"column":82}},"line":152},"13":{"name":"(anonymous_13)","decl":{"start":{"line":169,"column":36},"end":{"line":169,"column":37}},"loc":{"start":{"line":169,"column":41},"end":{"line":169,"column":65}},"line":169},"14":{"name":"(anonymous_14)","decl":{"start":{"line":177,"column":21},"end":{"line":177,"column":22}},"loc":{"start":{"line":177,"column":26},"end":{"line":177,"column":132}},"line":177},"15":{"name":"(anonymous_15)","decl":{"start":{"line":178,"column":20},"end":{"line":178,"column":21}},"loc":{"start":{"line":178,"column":25},"end":{"line":178,"column":104}},"line":178}},"branchMap":{"0":{"loc":{"start":{"line":23,"column":20},"end":{"line":23,"column":40}},"type":"if","locations":[{"start":{"line":23,"column":20},"end":{"line":23,"column":40}},{"start":{},"end":{}}],"line":23},"1":{"loc":{"start":{"line":30,"column":18},"end":{"line":30,"column":53}},"type":"binary-expr","locations":[{"start":{"line":30,"column":18},"end":{"line":30,"column":40}},{"start":{"line":30,"column":44},"end":{"line":30,"column":53}}],"line":30},"2":{"loc":{"start":{"line":38,"column":4},"end":{"line":38,"column":63}},"type":"if","locations":[{"start":{"line":38,"column":4},"end":{"line":38,"column":63}},{"start":{},"end":{}}],"line":38},"3":{"loc":{"start":{"line":39,"column":4},"end":{"line":39,"column":99}},"type":"if","locations":[{"start":{"line":39,"column":4},"end":{"line":39,"column":99}},{"start":{},"end":{}}],"line":39},"4":{"loc":{"start":{"line":39,"column":8},"end":{"line":39,"column":52}},"type":"binary-expr","locations":[{"start":{"line":39,"column":8},"end":{"line":39,"column":23}},{"start":{"line":39,"column":27},"end":{"line":39,"column":52}}],"line":39},"5":{"loc":{"start":{"line":43,"column":6},"end":{"line":47,"column":7}},"type":"if","locations":[{"start":{"line":43,"column":6},"end":{"line":47,"column":7}},{"start":{"line":45,"column":13},"end":{"line":47,"column":7}}],"line":43},"6":{"loc":{"start":{"line":50,"column":15},"end":{"line":50,"column":68}},"type":"binary-expr","locations":[{"start":{"line":50,"column":15},"end":{"line":50,"column":42}},{"start":{"line":50,"column":46},"end":{"line":50,"column":68}}],"line":50},"7":{"loc":{"start":{"line":83,"column":21},"end":{"line":83,"column":76}},"type":"cond-expr","locations":[{"start":{"line":83,"column":43},"end":{"line":83,"column":50}},{"start":{"line":83,"column":53},"end":{"line":83,"column":76}}],"line":83},"8":{"loc":{"start":{"line":85,"column":26},"end":{"line":85,"column":87}},"type":"cond-expr","locations":[{"start":{"line":85,"column":48},"end":{"line":85,"column":71}},{"start":{"line":85,"column":74},"end":{"line":85,"column":87}}],"line":85},"9":{"loc":{"start":{"line":86,"column":22},"end":{"line":86,"column":103}},"type":"cond-expr","locations":[{"start":{"line":86,"column":44},"end":{"line":86,"column":77}},{"start":{"line":86,"column":80},"end":{"line":86,"column":103}}],"line":86},"10":{"loc":{"start":{"line":90,"column":13},"end":{"line":94,"column":13}},"type":"binary-expr","locations":[{"start":{"line":90,"column":13},"end":{"line":90,"column":32}},{"start":{"line":91,"column":14},"end":{"line":93,"column":20}}],"line":90},"11":{"loc":{"start":{"line":118,"column":15},"end":{"line":118,"column":44}},"type":"cond-expr","locations":[{"start":{"line":118,"column":20},"end":{"line":118,"column":31}},{"start":{"line":118,"column":34},"end":{"line":118,"column":44}}],"line":118},"12":{"loc":{"start":{"line":140,"column":68},"end":{"line":140,"column":113}},"type":"cond-expr","locations":[{"start":{"line":140,"column":77},"end":{"line":140,"column":101}},{"start":{"line":140,"column":104},"end":{"line":140,"column":113}}],"line":140},"13":{"loc":{"start":{"line":148,"column":58},"end":{"line":148,"column":93}},"type":"cond-expr","locations":[{"start":{"line":148,"column":68},"end":{"line":148,"column":81}},{"start":{"line":148,"column":84},"end":{"line":148,"column":93}}],"line":148},"14":{"loc":{"start":{"line":149,"column":25},"end":{"line":149,"column":42}},"type":"cond-expr","locations":[{"start":{"line":149,"column":35},"end":{"line":149,"column":38}},{"start":{"line":149,"column":41},"end":{"line":149,"column":42}}],"line":149},"15":{"loc":{"start":{"line":151,"column":35},"end":{"line":151,"column":94}},"type":"if","locations":[{"start":{"line":151,"column":35},"end":{"line":151,"column":94}},{"start":{},"end":{}}],"line":151},"16":{"loc":{"start":{"line":154,"column":15},"end":{"line":154,"column":71}},"type":"cond-expr","locations":[{"start":{"line":154,"column":25},"end":{"line":154,"column":36}},{"start":{"line":154,"column":39},"end":{"line":154,"column":71}}],"line":154},"17":{"loc":{"start":{"line":154,"column":39},"end":{"line":154,"column":71}},"type":"cond-expr","locations":[{"start":{"line":154,"column":44},"end":{"line":154,"column":57}},{"start":{"line":154,"column":60},"end":{"line":154,"column":71}}],"line":154},"18":{"loc":{"start":{"line":161,"column":11},"end":{"line":165,"column":11}},"type":"binary-expr","locations":[{"start":{"line":161,"column":11},"end":{"line":161,"column":16}},{"start":{"line":162,"column":12},"end":{"line":164,"column":18}}],"line":161}},"s":{"0":1,"1":5,"2":5,"3":5,"4":5,"5":5,"6":5,"7":5,"8":5,"9":5,"10":5,"11":5,"12":0,"13":5,"14":0,"15":0,"16":0,"17":0,"18":0,"19":0,"20":5,"21":0,"22":0,"23":0,"24":0,"25":0,"26":0,"27":0,"28":0,"29":0,"30":0,"31":0,"32":0,"33":0,"34":0,"35":5,"36":5,"37":5,"38":20,"39":0,"40":5,"41":5,"42":5,"43":0,"44":0,"45":0,"46":0,"47":0,"48":0,"49":0,"50":0,"51":0,"52":0,"53":0},"f":{"0":5,"1":5,"2":0,"3":0,"4":20,"5":0,"6":5,"7":5,"8":0,"9":0,"10":0,"11":0,"12":0,"13":0,"14":0,"15":0},"b":{"0":[0,5],"1":[0,0],"2":[0,0],"3":[0,0],"4":[0,0],"5":[0,0],"6":[0,0],"7":[5,15],"8":[5,15],"9":[5,15],"10":[20,5],"11":[0,5],"12":[0,0],"13":[0,5],"14":[0,5],"15":[0,0],"16":[0,5],"17":[0,5],"18":[5,0]},"_coverageSchema":"1a1c01bbd47fc00a2c39e90264f33305004495a9","hash":"88ebf9d29133ec3cdd0cf599e5c06408372832c0"}
}
