TN:
SF:src\components\Navbar.jsx
FN:4,(anonymous_0)
FN:8,(anonymous_1)
FNF:2
FNH:1
FNDA:2,(anonymous_0)
FNDA:0,(anonymous_1)
DA:4,1
DA:5,2
DA:6,2
DA:8,2
DA:9,0
DA:10,0
DA:13,2
LF:7
LH:5
BRDA:19,0,0,0
BRDA:19,0,1,2
BRF:2
BRH:1
end_of_record
TN:
SF:src\components\PrivateRoute.jsx
FN:4,(anonymous_0)
FNF:1
FNH:1
FNDA:2,(anonymous_0)
DA:4,1
DA:5,2
DA:7,2
DA:8,0
DA:11,2
DA:12,2
DA:15,0
LF:7
LH:5
BRDA:7,0,0,0
BRDA:7,0,1,2
BRDA:11,1,0,2
BRDA:11,1,1,0
BRF:4
BRH:2
end_of_record
TN:
SF:src\context\AuthContext.jsx
FN:6,(anonymous_0)
FN:10,(anonymous_1)
FN:14,(anonymous_2)
FN:15,(anonymous_3)
FN:16,(anonymous_4)
FN:22,(anonymous_5)
FN:32,(anonymous_6)
FN:45,(anonymous_7)
FNF:8
FNH:0
FNDA:0,(anonymous_0)
FNDA:0,(anonymous_1)
FNDA:0,(anonymous_2)
FNDA:0,(anonymous_3)
FNDA:0,(anonymous_4)
FNDA:0,(anonymous_5)
FNDA:0,(anonymous_6)
FNDA:0,(anonymous_7)
DA:4,1
DA:6,1
DA:7,0
DA:8,0
DA:10,0
DA:11,0
DA:12,0
DA:13,0
DA:14,0
DA:15,0
DA:16,0
DA:18,0
DA:22,0
DA:23,0
DA:24,0
DA:25,0
DA:26,0
DA:28,0
DA:32,0
DA:33,0
DA:34,0
DA:35,0
DA:38,0
DA:45,1
LF:24
LH:3
BRDA:12,0,0,0
BRDA:12,0,1,0
BRF:2
BRH:0
end_of_record
TN:
SF:src\pages\Dashboard.jsx
FN:9,(anonymous_0)
FN:29,(anonymous_1)
FN:31,(anonymous_2)
FN:32,(anonymous_3)
FN:38,(anonymous_4)
FN:41,(anonymous_5)
FN:48,(anonymous_6)
FN:54,(anonymous_7)
FN:59,(anonymous_8)
FN:64,(anonymous_9)
FN:69,(anonymous_10)
FN:74,(anonymous_11)
FN:76,(anonymous_12)
FN:77,(anonymous_13)
FN:92,(anonymous_14)
FN:95,(anonymous_15)
FN:96,(anonymous_16)
FN:104,(anonymous_17)
FN:115,(anonymous_18)
FN:116,(anonymous_19)
FN:144,(anonymous_20)
FN:161,(anonymous_21)
FN:165,(anonymous_22)
FN:184,(anonymous_23)
FN:187,(anonymous_24)
FN:192,(anonymous_25)
FN:202,(anonymous_26)
FN:204,(anonymous_27)
FN:205,(anonymous_28)
FN:206,(anonymous_29)
FN:207,(anonymous_30)
FN:208,(anonymous_31)
FN:209,(anonymous_32)
FN:238,(anonymous_33)
FN:250,(anonymous_34)
FN:252,(anonymous_35)
FN:253,(anonymous_36)
FN:259,(anonymous_37)
FN:261,(anonymous_38)
FN:262,(anonymous_39)
FN:279,(anonymous_40)
FN:282,(anonymous_41)
FN:283,(anonymous_42)
FN:295,(anonymous_43)
FN:297,(anonymous_44)
FN:298,(anonymous_45)
FN:308,(anonymous_46)
FN:308,(anonymous_47)
FN:309,(anonymous_48)
FN:309,(anonymous_49)
FN:311,(anonymous_50)
FN:336,(anonymous_51)
FN:338,(anonymous_52)
FN:339,(anonymous_53)
FN:357,(anonymous_54)
FN:358,(anonymous_55)
FN:366,(anonymous_56)
FN:367,(anonymous_57)
FN:371,(anonymous_58)
FN:372,(anonymous_59)
FN:375,(anonymous_60)
FN:378,(anonymous_61)
FNF:62
FNH:7
FNDA:5,(anonymous_0)
FNDA:5,(anonymous_1)
FNDA:5,(anonymous_2)
FNDA:0,(anonymous_3)
FNDA:5,(anonymous_4)
FNDA:5,(anonymous_5)
FNDA:0,(anonymous_6)
FNDA:0,(anonymous_7)
FNDA:0,(anonymous_8)
FNDA:0,(anonymous_9)
FNDA:0,(anonymous_10)
FNDA:0,(anonymous_11)
FNDA:0,(anonymous_12)
FNDA:0,(anonymous_13)
FNDA:0,(anonymous_14)
FNDA:0,(anonymous_15)
FNDA:0,(anonymous_16)
FNDA:0,(anonymous_17)
FNDA:0,(anonymous_18)
FNDA:0,(anonymous_19)
FNDA:0,(anonymous_20)
FNDA:0,(anonymous_21)
FNDA:0,(anonymous_22)
FNDA:0,(anonymous_23)
FNDA:0,(anonymous_24)
FNDA:0,(anonymous_25)
FNDA:5,(anonymous_26)
FNDA:0,(anonymous_27)
FNDA:0,(anonymous_28)
FNDA:0,(anonymous_29)
FNDA:0,(anonymous_30)
FNDA:0,(anonymous_31)
FNDA:0,(anonymous_32)
FNDA:0,(anonymous_33)
FNDA:0,(anonymous_34)
FNDA:0,(anonymous_35)
FNDA:0,(anonymous_36)
FNDA:0,(anonymous_37)
FNDA:0,(anonymous_38)
FNDA:0,(anonymous_39)
FNDA:0,(anonymous_40)
FNDA:0,(anonymous_41)
FNDA:0,(anonymous_42)
FNDA:0,(anonymous_43)
FNDA:0,(anonymous_44)
FNDA:0,(anonymous_45)
FNDA:0,(anonymous_46)
FNDA:0,(anonymous_47)
FNDA:0,(anonymous_48)
FNDA:0,(anonymous_49)
FNDA:15,(anonymous_50)
FNDA:0,(anonymous_51)
FNDA:0,(anonymous_52)
FNDA:0,(anonymous_53)
FNDA:0,(anonymous_54)
FNDA:0,(anonymous_55)
FNDA:0,(anonymous_56)
FNDA:0,(anonymous_57)
FNDA:0,(anonymous_58)
FNDA:0,(anonymous_59)
FNDA:0,(anonymous_60)
FNDA:0,(anonymous_61)
DA:9,1
DA:10,5
DA:11,5
DA:12,5
DA:13,5
DA:14,5
DA:15,5
DA:16,5
DA:17,5
DA:18,5
DA:20,5
DA:21,5
DA:22,5
DA:27,5
DA:29,5
DA:31,5
DA:32,5
DA:33,0
DA:34,0
DA:37,5
DA:38,5
DA:41,5
DA:42,5
DA:43,5
DA:44,5
DA:45,0
DA:48,5
DA:49,0
DA:50,0
DA:51,0
DA:54,5
DA:55,0
DA:56,0
DA:59,5
DA:60,0
DA:61,0
DA:64,5
DA:65,0
DA:66,0
DA:69,5
DA:70,0
DA:71,0
DA:74,5
DA:75,0
DA:76,0
DA:77,0
DA:82,0
DA:83,0
DA:84,0
DA:85,0
DA:86,0
DA:87,0
DA:88,0
DA:89,0
DA:92,5
DA:93,0
DA:94,0
DA:95,0
DA:96,0
DA:104,0
DA:105,0
DA:106,0
DA:107,0
DA:108,0
DA:109,0
DA:110,0
DA:111,0
DA:112,0
DA:115,5
DA:116,0
DA:117,0
DA:144,0
DA:158,0
DA:159,0
DA:160,0
DA:161,0
DA:162,0
DA:165,5
DA:166,0
DA:167,0
DA:168,0
DA:169,0
DA:170,0
DA:171,0
DA:172,0
DA:173,0
DA:174,0
DA:175,0
DA:176,0
DA:177,0
DA:178,0
DA:179,0
DA:180,0
DA:182,0
DA:183,0
DA:184,0
DA:186,0
DA:187,0
DA:189,0
DA:192,5
DA:193,0
DA:194,0
DA:195,0
DA:196,0
DA:197,0
DA:198,0
DA:199,0
DA:202,5
DA:203,5
DA:204,5
DA:205,5
DA:206,5
DA:207,5
DA:208,5
DA:209,5
DA:210,5
DA:213,5
DA:214,5
DA:216,5
DA:238,0
DA:250,0
DA:252,0
DA:253,0
DA:259,0
DA:261,0
DA:262,0
DA:280,0
DA:282,0
DA:283,0
DA:295,0
DA:297,0
DA:298,0
DA:308,0
DA:309,0
DA:312,15
DA:337,0
DA:338,0
DA:339,0
DA:358,0
DA:359,0
DA:366,0
DA:367,0
DA:371,0
DA:372,0
DA:375,0
DA:378,0
LF:146
LH:46
BRDA:33,0,0,0
BRDA:33,0,1,0
BRDA:33,1,0,0
BRDA:33,1,1,0
BRDA:49,2,0,0
BRDA:49,2,1,0
BRDA:99,3,0,0
BRDA:99,3,1,0
BRDA:100,4,0,0
BRDA:100,4,1,0
BRDA:101,5,0,0
BRDA:101,5,1,0
BRDA:148,6,0,0
BRDA:148,6,1,0
BRDA:149,7,0,0
BRDA:149,7,1,0
BRDA:167,8,0,0
BRDA:167,8,1,0
BRDA:172,9,0,0
BRDA:172,9,1,0
BRDA:176,10,0,0
BRDA:176,10,1,0
BRDA:176,11,0,0
BRDA:176,11,1,0
BRDA:178,12,0,0
BRDA:178,12,1,0
BRDA:183,13,0,0
BRDA:183,13,1,0
BRDA:196,14,0,0
BRDA:196,14,1,0
BRDA:197,15,0,0
BRDA:197,15,1,0
BRDA:198,16,0,0
BRDA:198,16,1,0
BRDA:204,17,0,0
BRDA:204,17,1,5
BRDA:204,18,0,0
BRDA:204,18,1,0
BRDA:205,19,0,0
BRDA:205,19,1,5
BRDA:205,20,0,0
BRDA:205,20,1,0
BRDA:206,21,0,0
BRDA:206,21,1,5
BRDA:207,22,0,0
BRDA:207,22,1,0
BRDA:208,23,0,0
BRDA:208,23,1,5
BRDA:209,24,0,0
BRDA:209,24,1,5
BRDA:238,25,0,0
BRDA:238,25,1,5
BRDA:242,26,0,5
BRDA:242,26,1,0
BRDA:245,27,0,0
BRDA:245,27,1,0
BRDA:246,28,0,0
BRDA:246,28,1,0
BRDA:252,29,0,0
BRDA:252,29,1,0
BRDA:261,30,0,0
BRDA:261,30,1,0
BRDA:268,31,0,5
BRDA:268,31,1,0
BRDA:282,32,0,0
BRDA:282,32,1,0
BRDA:308,33,0,0
BRDA:308,33,1,0
BRDA:308,34,0,0
BRDA:308,34,1,0
BRDA:309,35,0,0
BRDA:309,35,1,0
BRDA:310,36,0,5
BRDA:310,36,1,0
BRDA:312,37,0,0
BRDA:312,37,1,15
BRDA:315,38,0,15
BRDA:315,38,1,10
BRDA:322,39,0,5
BRDA:322,39,1,0
BRDA:324,40,0,5
BRDA:324,40,1,0
BRDA:327,41,0,0
BRDA:327,41,1,5
BRDA:327,42,0,0
BRDA:327,42,1,5
BRDA:327,43,0,0
BRDA:327,43,1,5
BRDA:330,44,0,0
BRDA:330,44,1,5
BRDA:330,45,0,5
BRDA:330,45,1,0
BRDA:332,46,0,0
BRDA:332,46,1,5
BRDA:338,47,0,0
BRDA:338,47,1,0
BRDA:341,48,0,0
BRDA:341,48,1,0
BRDA:348,49,0,0
BRDA:348,49,1,0
BRDA:358,50,0,0
BRDA:358,50,1,0
BRDA:364,51,0,0
BRDA:364,51,1,0
BRDA:372,52,0,0
BRDA:372,52,1,0
BRDA:372,53,0,0
BRDA:372,53,1,0
BRDA:372,54,0,0
BRDA:372,54,1,0
BRDA:373,55,0,0
BRDA:373,55,1,0
BRDA:376,56,0,0
BRDA:376,56,1,0
BRF:114
BRH:20
end_of_record
TN:
SF:src\pages\NoteEditor.jsx
FN:10,(anonymous_0)
FN:23,(anonymous_1)
FN:25,(anonymous_2)
FN:36,(anonymous_3)
FN:78,(anonymous_4)
FN:79,(anonymous_5)
FN:120,(anonymous_6)
FN:121,(anonymous_7)
FN:134,(anonymous_8)
FN:140,(anonymous_9)
FN:141,(anonymous_10)
FN:151,(anonymous_11)
FN:152,(anonymous_12)
FN:169,(anonymous_13)
FN:177,(anonymous_14)
FN:178,(anonymous_15)
FNF:16
FNH:5
FNDA:5,(anonymous_0)
FNDA:5,(anonymous_1)
FNDA:0,(anonymous_2)
FNDA:0,(anonymous_3)
FNDA:20,(anonymous_4)
FNDA:0,(anonymous_5)
FNDA:5,(anonymous_6)
FNDA:5,(anonymous_7)
FNDA:0,(anonymous_8)
FNDA:0,(anonymous_9)
FNDA:0,(anonymous_10)
FNDA:0,(anonymous_11)
FNDA:0,(anonymous_12)
FNDA:0,(anonymous_13)
FNDA:0,(anonymous_14)
FNDA:0,(anonymous_15)
DA:10,1
DA:11,5
DA:12,5
DA:13,5
DA:14,5
DA:15,5
DA:17,5
DA:18,5
DA:19,5
DA:21,5
DA:23,5
DA:25,5
DA:26,0
DA:27,0
DA:28,0
DA:29,0
DA:30,0
DA:32,0
DA:36,5
DA:37,0
DA:38,0
DA:39,0
DA:40,0
DA:41,0
DA:42,0
DA:43,0
DA:44,0
DA:46,0
DA:48,0
DA:50,0
DA:52,0
DA:56,5
DA:69,5
DA:71,5
DA:79,20
DA:121,5
DA:122,5
DA:134,0
DA:140,0
DA:141,0
DA:151,0
DA:152,0
DA:169,0
DA:177,0
DA:178,0
LF:45
LH:19
BRDA:23,0,0,0
BRDA:23,0,1,5
BRDA:30,1,0,0
BRDA:30,1,1,0
BRDA:38,2,0,0
BRDA:38,2,1,0
BRDA:39,3,0,0
BRDA:39,3,1,0
BRDA:39,4,0,0
BRDA:39,4,1,0
BRDA:43,5,0,0
BRDA:43,5,1,0
BRDA:50,6,0,0
BRDA:50,6,1,0
BRDA:83,7,0,5
BRDA:83,7,1,15
BRDA:85,8,0,5
BRDA:85,8,1,15
BRDA:86,9,0,5
BRDA:86,9,1,15
BRDA:90,10,0,20
BRDA:90,10,1,5
BRDA:118,11,0,0
BRDA:118,11,1,5
BRDA:140,12,0,0
BRDA:140,12,1,0
BRDA:148,13,0,0
BRDA:148,13,1,5
BRDA:149,14,0,0
BRDA:149,14,1,5
BRDA:151,15,0,0
BRDA:151,15,1,0
BRDA:154,16,0,0
BRDA:154,16,1,5
BRDA:154,17,0,0
BRDA:154,17,1,5
BRDA:161,18,0,5
BRDA:161,18,1,0
BRF:38
BRH:15
end_of_record
