{"D:\\10P-Shine-MERN\\backend\\server.js":{"path":"D:\\10P-Shine-MERN\\backend\\server.js","statementMap":{"0":{"start":{"line":1,"column":16},"end":{"line":1,"column":34}},"1":{"start":{"line":2,"column":15},"end":{"line":2,"column":32}},"2":{"start":{"line":3,"column":0},"end":{"line":3,"column":16}},"3":{"start":{"line":5,"column":18},"end":{"line":5,"column":40}},"4":{"start":{"line":6,"column":22},"end":{"line":6,"column":62}},"5":{"start":{"line":7,"column":21},"end":{"line":7,"column":60}},"6":{"start":{"line":8,"column":19},"end":{"line":8,"column":43}},"7":{"start":{"line":9,"column":19},"end":{"line":9,"column":44}},"8":{"start":{"line":10,"column":13},"end":{"line":10,"column":28}},"9":{"start":{"line":11,"column":17},"end":{"line":11,"column":45}},"10":{"start":{"line":13,"column":0},"end":{"line":13,"column":12}},"11":{"start":{"line":15,"column":12},"end":{"line":15,"column":21}},"12":{"start":{"line":17,"column":0},"end":{"line":20,"column":4}},"13":{"start":{"line":22,"column":0},"end":{"line":22,"column":24}},"14":{"start":{"line":23,"column":0},"end":{"line":23,"column":47}},"15":{"start":{"line":24,"column":0},"end":{"line":24,"column":31}},"16":{"start":{"line":25,"column":0},"end":{"line":25,"column":23}},"17":{"start":{"line":27,"column":0},"end":{"line":27,"column":33}},"18":{"start":{"line":28,"column":0},"end":{"line":28,"column":34}},"19":{"start":{"line":30,"column":0},"end":{"line":32,"column":3}},"20":{"start":{"line":31,"column":2},"end":{"line":31,"column":60}},"21":{"start":{"line":34,"column":0},"end":{"line":34,"column":22}},"22":{"start":{"line":36,"column":13},"end":{"line":36,"column":37}},"23":{"start":{"line":38,"column":0},"end":{"line":43,"column":1}},"24":{"start":{"line":39,"column":2},"end":{"line":42,"column":5}},"25":{"start":{"line":40,"column":19},"end":{"line":40,"column":44}},"26":{"start":{"line":41,"column":4},"end":{"line":41,"column":82}},"27":{"start":{"line":45,"column":0},"end":{"line":45,"column":21}}},"fnMap":{"0":{"name":"(anonymous_0)","decl":{"start":{"line":30,"column":19},"end":{"line":30,"column":20}},"loc":{"start":{"line":30,"column":33},"end":{"line":32,"column":1}},"line":30},"1":{"name":"(anonymous_1)","decl":{"start":{"line":39,"column":19},"end":{"line":39,"column":20}},"loc":{"start":{"line":39,"column":25},"end":{"line":42,"column":3}},"line":39}},"branchMap":{"0":{"loc":{"start":{"line":36,"column":13},"end":{"line":36,"column":37}},"type":"binary-expr","locations":[{"start":{"line":36,"column":13},"end":{"line":36,"column":29}},{"start":{"line":36,"column":33},"end":{"line":36,"column":37}}],"line":36},"1":{"loc":{"start":{"line":38,"column":0},"end":{"line":43,"column":1}},"type":"if","locations":[{"start":{"line":38,"column":0},"end":{"line":43,"column":1}},{"start":{},"end":{}}],"line":38}},"s":{"0":1,"1":1,"2":1,"3":1,"4":1,"5":1,"6":1,"7":1,"8":1,"9":1,"10":1,"11":1,"12":1,"13":1,"14":1,"15":1,"16":1,"17":1,"18":1,"19":1,"20":0,"21":1,"22":1,"23":1,"24":1,"25":1,"26":1,"27":1},"f":{"0":0,"1":1},"b":{"0":[1,0],"1":[1,0]},"_coverageSchema":"1a1c01bbd47fc00a2c39e90264f33305004495a9","hash":"02db65dbda607d9e93df58a9821a13992ca301e3","contentHash":"c069b35dc35f35948bbf7a776a7ad383db4456c5a67ec196f08c1dc193ead268"},"D:\\10P-Shine-MERN\\backend\\config\\db.js":{"path":"D:\\10P-Shine-MERN\\backend\\config\\db.js","statementMap":{"0":{"start":{"line":1,"column":17},"end":{"line":1,"column":36}},"1":{"start":{"line":2,"column":15},"end":{"line":2,"column":41}},"2":{"start":{"line":4,"column":18},"end":{"line":12,"column":1}},"3":{"start":{"line":5,"column":2},"end":{"line":11,"column":3}},"4":{"start":{"line":6,"column":17},"end":{"line":6,"column":62}},"5":{"start":{"line":7,"column":4},"end":{"line":7,"column":62}},"6":{"start":{"line":9,"column":4},"end":{"line":9,"column":63}},"7":{"start":{"line":10,"column":4},"end":{"line":10,"column":20}},"8":{"start":{"line":14,"column":0},"end":{"line":14,"column":27}}},"fnMap":{"0":{"name":"(anonymous_0)","decl":{"start":{"line":4,"column":18},"end":{"line":4,"column":19}},"loc":{"start":{"line":4,"column":30},"end":{"line":12,"column":1}},"line":4}},"branchMap":{},"s":{"0":1,"1":1,"2":1,"3":1,"4":1,"5":1,"6":0,"7":0,"8":1},"f":{"0":1},"b":{},"_coverageSchema":"1a1c01bbd47fc00a2c39e90264f33305004495a9","hash":"16db7aedaf4fe258ce42b6175209e3dcfb86f319","contentHash":"e1c38ef368ce62cc4a09f35b2f1898008706a17bd1fca6425d0b43b6e5926c70"},"D:\\10P-Shine-MERN\\backend\\utils\\logger.js":{"path":"D:\\10P-Shine-MERN\\backend\\utils\\logger.js","statementMap":{"0":{"start":{"line":1,"column":13},"end":{"line":1,"column":28}},"1":{"start":{"line":3,"column":15},"end":{"line":9,"column":2}},"2":{"start":{"line":11,"column":0},"end":{"line":11,"column":24}}},"fnMap":{},"branchMap":{"0":{"loc":{"start":{"line":4,"column":9},"end":{"line":4,"column":40}},"type":"binary-expr","locations":[{"start":{"line":4,"column":9},"end":{"line":4,"column":30}},{"start":{"line":4,"column":34},"end":{"line":4,"column":40}}],"line":4},"1":{"loc":{"start":{"line":6,"column":4},"end":{"line":8,"column":17}},"type":"cond-expr","locations":[{"start":{"line":7,"column":8},"end":{"line":7,"column":62}},{"start":{"line":8,"column":8},"end":{"line":8,"column":17}}],"line":6}},"s":{"0":1,"1":1,"2":1},"f":{},"b":{"0":[1,0],"1":[1,0]},"_coverageSchema":"1a1c01bbd47fc00a2c39e90264f33305004495a9","hash":"d56d8e2c2a6858b1a03836a8ba0f9f50af5569e5","contentHash":"20abbe595af1d53f4ab0938be73c53aff50e47c132075417ae4c8ce4c1397c23"},"D:\\10P-Shine-MERN\\backend\\middleware\\loggerMiddleware.js":{"path":"D:\\10P-Shine-MERN\\backend\\middleware\\loggerMiddleware.js","statementMap":{"0":{"start":{"line":1,"column":15},"end":{"line":1,"column":41}},"1":{"start":{"line":3,"column":22},"end":{"line":10,"column":1}},"2":{"start":{"line":4,"column":2},"end":{"line":8,"column":5}},"3":{"start":{"line":9,"column":2},"end":{"line":9,"column":9}},"4":{"start":{"line":12,"column":0},"end":{"line":12,"column":31}}},"fnMap":{"0":{"name":"(anonymous_0)","decl":{"start":{"line":3,"column":22},"end":{"line":3,"column":23}},"loc":{"start":{"line":3,"column":42},"end":{"line":10,"column":1}},"line":3}},"branchMap":{},"s":{"0":1,"1":1,"2":23,"3":23,"4":1},"f":{"0":23},"b":{},"_coverageSchema":"1a1c01bbd47fc00a2c39e90264f33305004495a9","hash":"870bceba1f90207e60d6088f7db881fcb6cc10a3","contentHash":"c1014c0167835688ef1fdbddf1552ac993402455e3850801f4e7a573e8111826"},"D:\\10P-Shine-MERN\\backend\\middleware\\errorMiddleware.js":{"path":"D:\\10P-Shine-MERN\\backend\\middleware\\errorMiddleware.js","statementMap":{"0":{"start":{"line":1,"column":15},"end":{"line":1,"column":41}},"1":{"start":{"line":3,"column":21},"end":{"line":28,"column":1}},"2":{"start":{"line":4,"column":19},"end":{"line":4,"column":40}},"3":{"start":{"line":5,"column":16},"end":{"line":5,"column":54}},"4":{"start":{"line":8,"column":2},"end":{"line":11,"column":3}},"5":{"start":{"line":9,"column":4},"end":{"line":9,"column":21}},"6":{"start":{"line":10,"column":4},"end":{"line":10,"column":41}},"7":{"start":{"line":14,"column":2},"end":{"line":19,"column":3}},"8":{"start":{"line":15,"column":4},"end":{"line":15,"column":21}},"9":{"start":{"line":16,"column":4},"end":{"line":18,"column":18}},"10":{"start":{"line":17,"column":18},"end":{"line":17,"column":27}},"11":{"start":{"line":21,"column":2},"end":{"line":21,"column":58}},"12":{"start":{"line":23,"column":2},"end":{"line":27,"column":5}},"13":{"start":{"line":30,"column":0},"end":{"line":30,"column":30}}},"fnMap":{"0":{"name":"(anonymous_0)","decl":{"start":{"line":3,"column":21},"end":{"line":3,"column":22}},"loc":{"start":{"line":3,"column":46},"end":{"line":28,"column":1}},"line":3},"1":{"name":"(anonymous_1)","decl":{"start":{"line":17,"column":11},"end":{"line":17,"column":12}},"loc":{"start":{"line":17,"column":18},"end":{"line":17,"column":27}},"line":17}},"branchMap":{"0":{"loc":{"start":{"line":4,"column":19},"end":{"line":4,"column":40}},"type":"binary-expr","locations":[{"start":{"line":4,"column":19},"end":{"line":4,"column":33}},{"start":{"line":4,"column":37},"end":{"line":4,"column":40}}],"line":4},"1":{"loc":{"start":{"line":5,"column":16},"end":{"line":5,"column":54}},"type":"binary-expr","locations":[{"start":{"line":5,"column":16},"end":{"line":5,"column":27}},{"start":{"line":5,"column":31},"end":{"line":5,"column":54}}],"line":5},"2":{"loc":{"start":{"line":8,"column":2},"end":{"line":11,"column":3}},"type":"if","locations":[{"start":{"line":8,"column":2},"end":{"line":11,"column":3}},{"start":{},"end":{}}],"line":8},"3":{"loc":{"start":{"line":14,"column":2},"end":{"line":19,"column":3}},"type":"if","locations":[{"start":{"line":14,"column":2},"end":{"line":19,"column":3}},{"start":{},"end":{}}],"line":14},"4":{"loc":{"start":{"line":26,"column":8},"end":{"line":26,"column":70}},"type":"binary-expr","locations":[{"start":{"line":26,"column":8},"end":{"line":26,"column":46}},{"start":{"line":26,"column":50},"end":{"line":26,"column":70}}],"line":26}},"s":{"0":1,"1":1,"2":0,"3":0,"4":0,"5":0,"6":0,"7":0,"8":0,"9":0,"10":0,"11":0,"12":0,"13":1},"f":{"0":0,"1":0},"b":{"0":[0,0],"1":[0,0],"2":[0,0],"3":[0,0],"4":[0,0]},"_coverageSchema":"1a1c01bbd47fc00a2c39e90264f33305004495a9","hash":"ad9ba77c12661d2afc82aef9556bc2b097d34391","contentHash":"251f8b328ef3ca6e7d5e1585e4d2ff38074a625b32cfb2c22312221afcee73f7"},"D:\\10P-Shine-MERN\\backend\\routes\\auth.js":{"path":"D:\\10P-Shine-MERN\\backend\\routes\\auth.js","statementMap":{"0":{"start":{"line":1,"column":16},"end":{"line":1,"column":34}},"1":{"start":{"line":2,"column":15},"end":{"line":2,"column":31}},"2":{"start":{"line":3,"column":17},"end":{"line":3,"column":46}},"3":{"start":{"line":4,"column":15},"end":{"line":4,"column":32}},"4":{"start":{"line":9,"column":4},"end":{"line":9,"column":45}},"5":{"start":{"line":10,"column":20},"end":{"line":10,"column":59}},"6":{"start":{"line":12,"column":16},"end":{"line":15,"column":2}},"7":{"start":{"line":13,"column":34},"end":{"line":13,"column":54}},"8":{"start":{"line":14,"column":31},"end":{"line":14,"column":93}},"9":{"start":{"line":16,"column":15},"end":{"line":16,"column":73}},"10":{"start":{"line":18,"column":0},"end":{"line":18,"column":39}},"11":{"start":{"line":19,"column":0},"end":{"line":19,"column":33}},"12":{"start":{"line":20,"column":0},"end":{"line":20,"column":34}},"13":{"start":{"line":21,"column":0},"end":{"line":21,"column":44}},"14":{"start":{"line":22,"column":0},"end":{"line":22,"column":48}},"15":{"start":{"line":23,"column":0},"end":{"line":23,"column":46}},"16":{"start":{"line":24,"column":0},"end":{"line":24,"column":72}},"17":{"start":{"line":25,"column":0},"end":{"line":25,"column":56}},"18":{"start":{"line":28,"column":0},"end":{"line":30,"column":2}},"19":{"start":{"line":31,"column":0},"end":{"line":34,"column":2}},"20":{"start":{"line":36,"column":0},"end":{"line":36,"column":24}}},"fnMap":{"0":{"name":"(anonymous_0)","decl":{"start":{"line":13,"column":15},"end":{"line":13,"column":16}},"loc":{"start":{"line":13,"column":34},"end":{"line":13,"column":54}},"line":13},"1":{"name":"(anonymous_1)","decl":{"start":{"line":14,"column":12},"end":{"line":14,"column":13}},"loc":{"start":{"line":14,"column":31},"end":{"line":14,"column":93}},"line":14}},"branchMap":{},"s":{"0":1,"1":1,"2":1,"3":1,"4":1,"5":1,"6":1,"7":0,"8":0,"9":1,"10":1,"11":1,"12":1,"13":1,"14":1,"15":1,"16":1,"17":1,"18":1,"19":1,"20":1},"f":{"0":0,"1":0},"b":{},"_coverageSchema":"1a1c01bbd47fc00a2c39e90264f33305004495a9","hash":"22e1375e7d176456cc524d88b03548c0af657b82","contentHash":"9fc018967859c70121ba427ff333fde134cc8c887173f39afd41648598e96c5a"},"D:\\10P-Shine-MERN\\backend\\config\\passport.js":{"path":"D:\\10P-Shine-MERN\\backend\\config\\passport.js","statementMap":{"0":{"start":{"line":1,"column":17},"end":{"line":1,"column":36}},"1":{"start":{"line":2,"column":23},"end":{"line":2,"column":66}},"2":{"start":{"line":3,"column":13},"end":{"line":3,"column":38}},"3":{"start":{"line":5,"column":0},"end":{"line":43,"column":2}},"4":{"start":{"line":12,"column":6},"end":{"line":40,"column":7}},"5":{"start":{"line":14,"column":19},"end":{"line":14,"column":63}},"6":{"start":{"line":15,"column":8},"end":{"line":15,"column":42}},"7":{"start":{"line":15,"column":18},"end":{"line":15,"column":42}},"8":{"start":{"line":18,"column":8},"end":{"line":18,"column":70}},"9":{"start":{"line":19,"column":8},"end":{"line":26,"column":9}},"10":{"start":{"line":21,"column":10},"end":{"line":21,"column":37}},"11":{"start":{"line":22,"column":10},"end":{"line":22,"column":39}},"12":{"start":{"line":23,"column":10},"end":{"line":23,"column":57}},"13":{"start":{"line":24,"column":10},"end":{"line":24,"column":28}},"14":{"start":{"line":25,"column":10},"end":{"line":25,"column":34}},"15":{"start":{"line":29,"column":8},"end":{"line":35,"column":11}},"16":{"start":{"line":37,"column":8},"end":{"line":37,"column":32}},"17":{"start":{"line":39,"column":8},"end":{"line":39,"column":31}},"18":{"start":{"line":45,"column":0},"end":{"line":45,"column":26}}},"fnMap":{"0":{"name":"(anonymous_0)","decl":{"start":{"line":11,"column":4},"end":{"line":11,"column":5}},"loc":{"start":{"line":11,"column":56},"end":{"line":41,"column":5}},"line":11}},"branchMap":{"0":{"loc":{"start":{"line":15,"column":8},"end":{"line":15,"column":42}},"type":"if","locations":[{"start":{"line":15,"column":8},"end":{"line":15,"column":42}},{"start":{},"end":{}}],"line":15},"1":{"loc":{"start":{"line":19,"column":8},"end":{"line":26,"column":9}},"type":"if","locations":[{"start":{"line":19,"column":8},"end":{"line":26,"column":9}},{"start":{},"end":{}}],"line":19},"2":{"loc":{"start":{"line":23,"column":24},"end":{"line":23,"column":56}},"type":"binary-expr","locations":[{"start":{"line":23,"column":24},"end":{"line":23,"column":48}},{"start":{"line":23,"column":52},"end":{"line":23,"column":56}}],"line":23},"3":{"loc":{"start":{"line":33,"column":18},"end":{"line":33,"column":50}},"type":"binary-expr","locations":[{"start":{"line":33,"column":18},"end":{"line":33,"column":42}},{"start":{"line":33,"column":46},"end":{"line":33,"column":50}}],"line":33}},"s":{"0":1,"1":1,"2":1,"3":1,"4":0,"5":0,"6":0,"7":0,"8":0,"9":0,"10":0,"11":0,"12":0,"13":0,"14":0,"15":0,"16":0,"17":0,"18":1},"f":{"0":0},"b":{"0":[0,0],"1":[0,0],"2":[0,0],"3":[0,0]},"_coverageSchema":"1a1c01bbd47fc00a2c39e90264f33305004495a9","hash":"676681fc2e29cbaec0e003e216fee7f770e97c6a","contentHash":"d6d52803b73a737e86bdfc51c972ef3acf7e0ca85ce0bbdd77cef1dcb46452e2"},"D:\\10P-Shine-MERN\\backend\\models\\user.js":{"path":"D:\\10P-Shine-MERN\\backend\\models\\user.js","statementMap":{"0":{"start":{"line":1,"column":17},"end":{"line":1,"column":36}},"1":{"start":{"line":2,"column":15},"end":{"line":2,"column":34}},"2":{"start":{"line":4,"column":19},"end":{"line":40,"column":1}},"3":{"start":{"line":24,"column":8},"end":{"line":24,"column":45}},"4":{"start":{"line":43,"column":0},"end":{"line":47,"column":3}},"5":{"start":{"line":44,"column":2},"end":{"line":44,"column":61}},"6":{"start":{"line":44,"column":54},"end":{"line":44,"column":61}},"7":{"start":{"line":45,"column":15},"end":{"line":45,"column":39}},"8":{"start":{"line":46,"column":2},"end":{"line":46,"column":57}},"9":{"start":{"line":49,"column":0},"end":{"line":51,"column":2}},"10":{"start":{"line":50,"column":2},"end":{"line":50,"column":62}},"11":{"start":{"line":53,"column":0},"end":{"line":53,"column":52}}},"fnMap":{"0":{"name":"(anonymous_0)","decl":{"start":{"line":23,"column":16},"end":{"line":23,"column":17}},"loc":{"start":{"line":23,"column":28},"end":{"line":25,"column":7}},"line":23},"1":{"name":"(anonymous_1)","decl":{"start":{"line":43,"column":23},"end":{"line":43,"column":24}},"loc":{"start":{"line":43,"column":41},"end":{"line":47,"column":1}},"line":43},"2":{"name":"(anonymous_2)","decl":{"start":{"line":49,"column":35},"end":{"line":49,"column":36}},"loc":{"start":{"line":49,"column":68},"end":{"line":51,"column":1}},"line":49}},"branchMap":{"0":{"loc":{"start":{"line":44,"column":2},"end":{"line":44,"column":61}},"type":"if","locations":[{"start":{"line":44,"column":2},"end":{"line":44,"column":61}},{"start":{},"end":{}}],"line":44},"1":{"loc":{"start":{"line":44,"column":6},"end":{"line":44,"column":52}},"type":"binary-expr","locations":[{"start":{"line":44,"column":6},"end":{"line":44,"column":20}},{"start":{"line":44,"column":24},"end":{"line":44,"column":52}}],"line":44}},"s":{"0":1,"1":1,"2":1,"3":2,"4":1,"5":2,"6":0,"7":2,"8":2,"9":1,"10":3,"11":1},"f":{"0":2,"1":2,"2":3},"b":{"0":[0,2],"1":[2,2]},"_coverageSchema":"1a1c01bbd47fc00a2c39e90264f33305004495a9","hash":"0efbca1352e7e9436ff05b9b379641a45e434643","contentHash":"3ad77fc4dac9990a78472d73626fdd450cee0fb017bb96a993241ad9862aa14c"},"D:\\10P-Shine-MERN\\backend\\controllers\\authControllers.js":{"path":"D:\\10P-Shine-MERN\\backend\\controllers\\authControllers.js","statementMap":{"0":{"start":{"line":1,"column":12},"end":{"line":1,"column":35}},"1":{"start":{"line":2,"column":15},"end":{"line":2,"column":32}},"2":{"start":{"line":3,"column":19},"end":{"line":3,"column":40}},"3":{"start":{"line":4,"column":13},"end":{"line":4,"column":38}},"4":{"start":{"line":5,"column":15},"end":{"line":5,"column":41}},"5":{"start":{"line":7,"column":22},"end":{"line":11,"column":1}},"6":{"start":{"line":8,"column":2},"end":{"line":10,"column":5}},"7":{"start":{"line":13,"column":23},"end":{"line":45,"column":1}},"8":{"start":{"line":14,"column":22},"end":{"line":20,"column":4}},"9":{"start":{"line":22,"column":2},"end":{"line":44,"column":5}},"10":{"start":{"line":47,"column":21},"end":{"line":60,"column":1}},"11":{"start":{"line":48,"column":2},"end":{"line":59,"column":34}},"12":{"start":{"line":49,"column":38},"end":{"line":49,"column":46}},"13":{"start":{"line":50,"column":4},"end":{"line":51,"column":106}},"14":{"start":{"line":51,"column":6},"end":{"line":51,"column":106}},"15":{"start":{"line":52,"column":25},"end":{"line":52,"column":54}},"16":{"start":{"line":53,"column":4},"end":{"line":54,"column":91}},"17":{"start":{"line":54,"column":6},"end":{"line":54,"column":91}},"18":{"start":{"line":55,"column":17},"end":{"line":55,"column":61}},"19":{"start":{"line":56,"column":4},"end":{"line":56,"column":54}},"20":{"start":{"line":57,"column":18},"end":{"line":57,"column":41}},"21":{"start":{"line":58,"column":4},"end":{"line":58,"column":153}},"22":{"start":{"line":59,"column":20},"end":{"line":59,"column":32}},"23":{"start":{"line":62,"column":18},"end":{"line":79,"column":1}},"24":{"start":{"line":63,"column":2},"end":{"line":78,"column":34}},"25":{"start":{"line":64,"column":32},"end":{"line":64,"column":40}},"26":{"start":{"line":65,"column":4},"end":{"line":66,"column":100}},"27":{"start":{"line":66,"column":6},"end":{"line":66,"column":100}},"28":{"start":{"line":67,"column":17},"end":{"line":67,"column":66}},"29":{"start":{"line":68,"column":4},"end":{"line":69,"column":92}},"30":{"start":{"line":69,"column":6},"end":{"line":69,"column":92}},"31":{"start":{"line":70,"column":4},"end":{"line":71,"column":129}},"32":{"start":{"line":71,"column":6},"end":{"line":71,"column":129}},"33":{"start":{"line":72,"column":20},"end":{"line":72,"column":54}},"34":{"start":{"line":73,"column":4},"end":{"line":74,"column":92}},"35":{"start":{"line":74,"column":6},"end":{"line":74,"column":92}},"36":{"start":{"line":75,"column":4},"end":{"line":75,"column":49}},"37":{"start":{"line":76,"column":18},"end":{"line":76,"column":41}},"38":{"start":{"line":77,"column":4},"end":{"line":77,"column":141}},"39":{"start":{"line":78,"column":20},"end":{"line":78,"column":32}},"40":{"start":{"line":81,"column":14},"end":{"line":86,"column":1}},"41":{"start":{"line":82,"column":2},"end":{"line":85,"column":34}},"42":{"start":{"line":83,"column":17},"end":{"line":83,"column":49}},"43":{"start":{"line":84,"column":4},"end":{"line":84,"column":153}},"44":{"start":{"line":85,"column":20},"end":{"line":85,"column":32}},"45":{"start":{"line":88,"column":19},"end":{"line":93,"column":1}},"46":{"start":{"line":89,"column":2},"end":{"line":92,"column":34}},"47":{"start":{"line":90,"column":4},"end":{"line":90,"column":54}},"48":{"start":{"line":91,"column":4},"end":{"line":91,"column":80}},"49":{"start":{"line":92,"column":20},"end":{"line":92,"column":32}},"50":{"start":{"line":95,"column":23},"end":{"line":105,"column":1}},"51":{"start":{"line":96,"column":2},"end":{"line":104,"column":3}},"52":{"start":{"line":97,"column":18},"end":{"line":97,"column":45}},"53":{"start":{"line":98,"column":17},"end":{"line":98,"column":25}},"54":{"start":{"line":99,"column":4},"end":{"line":101,"column":6}},"55":{"start":{"line":103,"column":4},"end":{"line":103,"column":74}},"56":{"start":{"line":107,"column":23},"end":{"line":141,"column":1}},"57":{"start":{"line":108,"column":2},"end":{"line":140,"column":34}},"58":{"start":{"line":109,"column":22},"end":{"line":109,"column":30}},"59":{"start":{"line":110,"column":4},"end":{"line":111,"column":92}},"60":{"start":{"line":111,"column":6},"end":{"line":111,"column":92}},"61":{"start":{"line":113,"column":17},"end":{"line":113,"column":46}},"62":{"start":{"line":114,"column":4},"end":{"line":115,"column":114}},"63":{"start":{"line":115,"column":6},"end":{"line":115,"column":114}},"64":{"start":{"line":117,"column":4},"end":{"line":118,"column":122}},"65":{"start":{"line":118,"column":6},"end":{"line":118,"column":122}},"66":{"start":{"line":120,"column":23},"end":{"line":120,"column":61}},"67":{"start":{"line":121,"column":4},"end":{"line":121,"column":91}},"68":{"start":{"line":122,"column":4},"end":{"line":122,"column":59}},"69":{"start":{"line":123,"column":4},"end":{"line":123,"column":22}},"70":{"start":{"line":127,"column":0},"end":{"line":133,"column":2}},"71":{"start":{"line":135,"column":21},"end":{"line":135,"column":85}},"72":{"start":{"line":136,"column":4},"end":{"line":136,"column":47}},"73":{"start":{"line":137,"column":4},"end":{"line":137,"column":63}},"74":{"start":{"line":139,"column":4},"end":{"line":139,"column":105}},"75":{"start":{"line":140,"column":20},"end":{"line":140,"column":32}},"76":{"start":{"line":143,"column":22},"end":{"line":174,"column":1}},"77":{"start":{"line":144,"column":2},"end":{"line":171,"column":34}},"78":{"start":{"line":145,"column":4},"end":{"line":145,"column":37}},"79":{"start":{"line":146,"column":4},"end":{"line":146,"column":35}},"80":{"start":{"line":147,"column":32},"end":{"line":147,"column":40}},"81":{"start":{"line":148,"column":4},"end":{"line":148,"column":33}},"82":{"start":{"line":149,"column":4},"end":{"line":149,"column":39}},"83":{"start":{"line":150,"column":4},"end":{"line":151,"column":102}},"84":{"start":{"line":151,"column":6},"end":{"line":151,"column":102}},"85":{"start":{"line":152,"column":4},"end":{"line":153,"column":105}},"86":{"start":{"line":153,"column":6},"end":{"line":153,"column":105}},"87":{"start":{"line":155,"column":24},"end":{"line":155,"column":79}},"88":{"start":{"line":156,"column":17},"end":{"line":159,"column":6}},"89":{"start":{"line":161,"column":4},"end":{"line":162,"column":96}},"90":{"start":{"line":162,"column":6},"end":{"line":162,"column":96}},"91":{"start":{"line":164,"column":4},"end":{"line":164,"column":29}},"92":{"start":{"line":165,"column":4},"end":{"line":165,"column":35}},"93":{"start":{"line":166,"column":4},"end":{"line":166,"column":36}},"94":{"start":{"line":167,"column":4},"end":{"line":167,"column":22}},"95":{"start":{"line":169,"column":4},"end":{"line":169,"column":64}},"96":{"start":{"line":170,"column":4},"end":{"line":170,"column":103}},"97":{"start":{"line":171,"column":20},"end":{"line":171,"column":32}},"98":{"start":{"line":175,"column":22},"end":{"line":200,"column":1}},"99":{"start":{"line":176,"column":2},"end":{"line":199,"column":34}},"100":{"start":{"line":177,"column":21},"end":{"line":177,"column":29}},"101":{"start":{"line":178,"column":4},"end":{"line":179,"column":101}},"102":{"start":{"line":179,"column":6},"end":{"line":179,"column":101}},"103":{"start":{"line":181,"column":23},"end":{"line":181,"column":44}},"104":{"start":{"line":183,"column":4},"end":{"line":185,"column":5}},"105":{"start":{"line":184,"column":6},"end":{"line":184,"column":58}},"106":{"start":{"line":187,"column":17},"end":{"line":191,"column":5}},"107":{"start":{"line":193,"column":4},"end":{"line":193,"column":54}},"108":{"start":{"line":194,"column":4},"end":{"line":198,"column":7}},"109":{"start":{"line":199,"column":20},"end":{"line":199,"column":32}},"110":{"start":{"line":202,"column":23},"end":{"line":228,"column":1}},"111":{"start":{"line":203,"column":2},"end":{"line":227,"column":34}},"112":{"start":{"line":204,"column":45},"end":{"line":204,"column":53}},"113":{"start":{"line":205,"column":4},"end":{"line":206,"column":106}},"114":{"start":{"line":206,"column":6},"end":{"line":206,"column":106}},"115":{"start":{"line":207,"column":4},"end":{"line":208,"column":105}},"116":{"start":{"line":208,"column":6},"end":{"line":208,"column":105}},"117":{"start":{"line":209,"column":4},"end":{"line":210,"column":110}},"118":{"start":{"line":210,"column":6},"end":{"line":210,"column":110}},"119":{"start":{"line":212,"column":17},"end":{"line":212,"column":69}},"120":{"start":{"line":213,"column":4},"end":{"line":214,"column":81}},"121":{"start":{"line":214,"column":6},"end":{"line":214,"column":81}},"122":{"start":{"line":215,"column":4},"end":{"line":216,"column":110}},"123":{"start":{"line":216,"column":6},"end":{"line":216,"column":110}},"124":{"start":{"line":218,"column":20},"end":{"line":218,"column":61}},"125":{"start":{"line":219,"column":4},"end":{"line":220,"column":96}},"126":{"start":{"line":220,"column":6},"end":{"line":220,"column":96}},"127":{"start":{"line":222,"column":4},"end":{"line":222,"column":32}},"128":{"start":{"line":223,"column":4},"end":{"line":223,"column":22}},"129":{"start":{"line":225,"column":4},"end":{"line":225,"column":55}},"130":{"start":{"line":226,"column":4},"end":{"line":226,"column":86}},"131":{"start":{"line":227,"column":20},"end":{"line":227,"column":32}},"132":{"start":{"line":229,"column":0},"end":{"line":229,"column":142}}},"fnMap":{"0":{"name":"(anonymous_0)","decl":{"start":{"line":7,"column":22},"end":{"line":7,"column":23}},"loc":{"start":{"line":7,"column":30},"end":{"line":11,"column":1}},"line":7},"1":{"name":"(anonymous_1)","decl":{"start":{"line":13,"column":23},"end":{"line":13,"column":24}},"loc":{"start":{"line":13,"column":50},"end":{"line":45,"column":1}},"line":13},"2":{"name":"(anonymous_2)","decl":{"start":{"line":47,"column":21},"end":{"line":47,"column":22}},"loc":{"start":{"line":47,"column":47},"end":{"line":60,"column":1}},"line":47},"3":{"name":"(anonymous_3)","decl":{"start":{"line":62,"column":18},"end":{"line":62,"column":19}},"loc":{"start":{"line":62,"column":44},"end":{"line":79,"column":1}},"line":62},"4":{"name":"(anonymous_4)","decl":{"start":{"line":81,"column":14},"end":{"line":81,"column":15}},"loc":{"start":{"line":81,"column":40},"end":{"line":86,"column":1}},"line":81},"5":{"name":"(anonymous_5)","decl":{"start":{"line":88,"column":19},"end":{"line":88,"column":20}},"loc":{"start":{"line":88,"column":45},"end":{"line":93,"column":1}},"line":88},"6":{"name":"(anonymous_6)","decl":{"start":{"line":95,"column":23},"end":{"line":95,"column":24}},"loc":{"start":{"line":95,"column":43},"end":{"line":105,"column":1}},"line":95},"7":{"name":"(anonymous_7)","decl":{"start":{"line":107,"column":23},"end":{"line":107,"column":24}},"loc":{"start":{"line":107,"column":49},"end":{"line":141,"column":1}},"line":107},"8":{"name":"(anonymous_8)","decl":{"start":{"line":143,"column":22},"end":{"line":143,"column":23}},"loc":{"start":{"line":143,"column":48},"end":{"line":174,"column":1}},"line":143},"9":{"name":"(anonymous_9)","decl":{"start":{"line":175,"column":22},"end":{"line":175,"column":23}},"loc":{"start":{"line":175,"column":48},"end":{"line":200,"column":1}},"line":175},"10":{"name":"(anonymous_10)","decl":{"start":{"line":202,"column":23},"end":{"line":202,"column":24}},"loc":{"start":{"line":202,"column":49},"end":{"line":228,"column":1}},"line":202}},"branchMap":{"0":{"loc":{"start":{"line":9,"column":15},"end":{"line":9,"column":49}},"type":"binary-expr","locations":[{"start":{"line":9,"column":15},"end":{"line":9,"column":41}},{"start":{"line":9,"column":45},"end":{"line":9,"column":49}}],"line":9},"1":{"loc":{"start":{"line":50,"column":4},"end":{"line":51,"column":106}},"type":"if","locations":[{"start":{"line":50,"column":4},"end":{"line":51,"column":106}},{"start":{},"end":{}}],"line":50},"2":{"loc":{"start":{"line":50,"column":8},"end":{"line":50,"column":36}},"type":"binary-expr","locations":[{"start":{"line":50,"column":8},"end":{"line":50,"column":13}},{"start":{"line":50,"column":17},"end":{"line":50,"column":23}},{"start":{"line":50,"column":27},"end":{"line":50,"column":36}}],"line":50},"3":{"loc":{"start":{"line":53,"column":4},"end":{"line":54,"column":91}},"type":"if","locations":[{"start":{"line":53,"column":4},"end":{"line":54,"column":91}},{"start":{},"end":{}}],"line":53},"4":{"loc":{"start":{"line":65,"column":4},"end":{"line":66,"column":100}},"type":"if","locations":[{"start":{"line":65,"column":4},"end":{"line":66,"column":100}},{"start":{},"end":{}}],"line":65},"5":{"loc":{"start":{"line":65,"column":8},"end":{"line":65,"column":27}},"type":"binary-expr","locations":[{"start":{"line":65,"column":8},"end":{"line":65,"column":14}},{"start":{"line":65,"column":18},"end":{"line":65,"column":27}}],"line":65},"6":{"loc":{"start":{"line":68,"column":4},"end":{"line":69,"column":92}},"type":"if","locations":[{"start":{"line":68,"column":4},"end":{"line":69,"column":92}},{"start":{},"end":{}}],"line":68},"7":{"loc":{"start":{"line":70,"column":4},"end":{"line":71,"column":129}},"type":"if","locations":[{"start":{"line":70,"column":4},"end":{"line":71,"column":129}},{"start":{},"end":{}}],"line":70},"8":{"loc":{"start":{"line":70,"column":8},"end":{"line":70,"column":56}},"type":"binary-expr","locations":[{"start":{"line":70,"column":8},"end":{"line":70,"column":38}},{"start":{"line":70,"column":42},"end":{"line":70,"column":56}}],"line":70},"9":{"loc":{"start":{"line":73,"column":4},"end":{"line":74,"column":92}},"type":"if","locations":[{"start":{"line":73,"column":4},"end":{"line":74,"column":92}},{"start":{},"end":{}}],"line":73},"10":{"loc":{"start":{"line":110,"column":4},"end":{"line":111,"column":92}},"type":"if","locations":[{"start":{"line":110,"column":4},"end":{"line":111,"column":92}},{"start":{},"end":{}}],"line":110},"11":{"loc":{"start":{"line":114,"column":4},"end":{"line":115,"column":114}},"type":"if","locations":[{"start":{"line":114,"column":4},"end":{"line":115,"column":114}},{"start":{},"end":{}}],"line":114},"12":{"loc":{"start":{"line":117,"column":4},"end":{"line":118,"column":122}},"type":"if","locations":[{"start":{"line":117,"column":4},"end":{"line":118,"column":122}},{"start":{},"end":{}}],"line":117},"13":{"loc":{"start":{"line":117,"column":8},"end":{"line":117,"column":56}},"type":"binary-expr","locations":[{"start":{"line":117,"column":8},"end":{"line":117,"column":38}},{"start":{"line":117,"column":42},"end":{"line":117,"column":56}}],"line":117},"14":{"loc":{"start":{"line":150,"column":4},"end":{"line":151,"column":102}},"type":"if","locations":[{"start":{"line":150,"column":4},"end":{"line":151,"column":102}},{"start":{},"end":{}}],"line":150},"15":{"loc":{"start":{"line":150,"column":8},"end":{"line":150,"column":27}},"type":"binary-expr","locations":[{"start":{"line":150,"column":8},"end":{"line":150,"column":14}},{"start":{"line":150,"column":18},"end":{"line":150,"column":27}}],"line":150},"16":{"loc":{"start":{"line":152,"column":4},"end":{"line":153,"column":105}},"type":"if","locations":[{"start":{"line":152,"column":4},"end":{"line":153,"column":105}},{"start":{},"end":{}}],"line":152},"17":{"loc":{"start":{"line":161,"column":4},"end":{"line":162,"column":96}},"type":"if","locations":[{"start":{"line":161,"column":4},"end":{"line":162,"column":96}},{"start":{},"end":{}}],"line":161},"18":{"loc":{"start":{"line":178,"column":4},"end":{"line":179,"column":101}},"type":"if","locations":[{"start":{"line":178,"column":4},"end":{"line":179,"column":101}},{"start":{},"end":{}}],"line":178},"19":{"loc":{"start":{"line":178,"column":8},"end":{"line":178,"column":39}},"type":"binary-expr","locations":[{"start":{"line":178,"column":8},"end":{"line":178,"column":13}},{"start":{"line":178,"column":17},"end":{"line":178,"column":39}}],"line":178},"20":{"loc":{"start":{"line":183,"column":4},"end":{"line":185,"column":5}},"type":"if","locations":[{"start":{"line":183,"column":4},"end":{"line":185,"column":5}},{"start":{},"end":{}}],"line":183},"21":{"loc":{"start":{"line":205,"column":4},"end":{"line":206,"column":106}},"type":"if","locations":[{"start":{"line":205,"column":4},"end":{"line":206,"column":106}},{"start":{},"end":{}}],"line":205},"22":{"loc":{"start":{"line":205,"column":8},"end":{"line":205,"column":40}},"type":"binary-expr","locations":[{"start":{"line":205,"column":8},"end":{"line":205,"column":24}},{"start":{"line":205,"column":28},"end":{"line":205,"column":40}}],"line":205},"23":{"loc":{"start":{"line":207,"column":4},"end":{"line":208,"column":105}},"type":"if","locations":[{"start":{"line":207,"column":4},"end":{"line":208,"column":105}},{"start":{},"end":{}}],"line":207},"24":{"loc":{"start":{"line":209,"column":4},"end":{"line":210,"column":110}},"type":"if","locations":[{"start":{"line":209,"column":4},"end":{"line":210,"column":110}},{"start":{},"end":{}}],"line":209},"25":{"loc":{"start":{"line":213,"column":4},"end":{"line":214,"column":81}},"type":"if","locations":[{"start":{"line":213,"column":4},"end":{"line":214,"column":81}},{"start":{},"end":{}}],"line":213},"26":{"loc":{"start":{"line":215,"column":4},"end":{"line":216,"column":110}},"type":"if","locations":[{"start":{"line":215,"column":4},"end":{"line":216,"column":110}},{"start":{},"end":{}}],"line":215},"27":{"loc":{"start":{"line":215,"column":8},"end":{"line":215,"column":56}},"type":"binary-expr","locations":[{"start":{"line":215,"column":8},"end":{"line":215,"column":38}},{"start":{"line":215,"column":42},"end":{"line":215,"column":56}}],"line":215},"28":{"loc":{"start":{"line":219,"column":4},"end":{"line":220,"column":96}},"type":"if","locations":[{"start":{"line":219,"column":4},"end":{"line":220,"column":96}},{"start":{},"end":{}}],"line":219}},"s":{"0":1,"1":1,"2":1,"3":1,"4":1,"5":1,"6":4,"7":1,"8":0,"9":0,"10":1,"11":4,"12":4,"13":4,"14":1,"15":3,"16":3,"17":1,"18":2,"19":2,"20":2,"21":2,"22":0,"23":1,"24":4,"25":4,"26":4,"27":1,"28":3,"29":3,"30":0,"31":3,"32":0,"33":3,"34":3,"35":1,"36":2,"37":2,"38":2,"39":0,"40":1,"41":1,"42":1,"43":1,"44":0,"45":1,"46":1,"47":1,"48":1,"49":0,"50":1,"51":0,"52":0,"53":0,"54":0,"55":0,"56":1,"57":0,"58":0,"59":0,"60":0,"61":0,"62":0,"63":0,"64":0,"65":0,"66":0,"67":0,"68":0,"69":0,"70":0,"71":0,"72":0,"73":0,"74":0,"75":0,"76":1,"77":0,"78":0,"79":0,"80":0,"81":0,"82":0,"83":0,"84":0,"85":0,"86":0,"87":0,"88":0,"89":0,"90":0,"91":0,"92":0,"93":0,"94":0,"95":0,"96":0,"97":0,"98":1,"99":0,"100":0,"101":0,"102":0,"103":0,"104":0,"105":0,"106":0,"107":0,"108":0,"109":0,"110":1,"111":0,"112":0,"113":0,"114":0,"115":0,"116":0,"117":0,"118":0,"119":0,"120":0,"121":0,"122":0,"123":0,"124":0,"125":0,"126":0,"127":0,"128":0,"129":0,"130":0,"131":0,"132":1},"f":{"0":4,"1":0,"2":4,"3":4,"4":1,"5":1,"6":0,"7":0,"8":0,"9":0,"10":0},"b":{"0":[4,0],"1":[1,3],"2":[4,3,3],"3":[1,2],"4":[1,3],"5":[4,3],"6":[0,3],"7":[0,3],"8":[3,0],"9":[1,2],"10":[0,0],"11":[0,0],"12":[0,0],"13":[0,0],"14":[0,0],"15":[0,0],"16":[0,0],"17":[0,0],"18":[0,0],"19":[0,0],"20":[0,0],"21":[0,0],"22":[0,0],"23":[0,0],"24":[0,0],"25":[0,0],"26":[0,0],"27":[0,0],"28":[0,0]},"_coverageSchema":"1a1c01bbd47fc00a2c39e90264f33305004495a9","hash":"1cc622cd249a039797e8f91001307d4695b62200","contentHash":"e9e165579af2ecc1f1ad6acceaa415a6b6615c107c0ec16ecab9ce1fbadcdc22"},"D:\\10P-Shine-MERN\\backend\\middleware\\authMiddleware.js":{"path":"D:\\10P-Shine-MERN\\backend\\middleware\\authMiddleware.js","statementMap":{"0":{"start":{"line":1,"column":12},"end":{"line":1,"column":35}},"1":{"start":{"line":2,"column":13},"end":{"line":2,"column":38}},"2":{"start":{"line":3,"column":15},"end":{"line":3,"column":41}},"3":{"start":{"line":5,"column":16},"end":{"line":23,"column":1}},"4":{"start":{"line":6,"column":2},"end":{"line":22,"column":3}},"5":{"start":{"line":7,"column":23},"end":{"line":7,"column":48}},"6":{"start":{"line":8,"column":4},"end":{"line":10,"column":5}},"7":{"start":{"line":9,"column":6},"end":{"line":9,"column":91}},"8":{"start":{"line":11,"column":18},"end":{"line":11,"column":42}},"9":{"start":{"line":12,"column":20},"end":{"line":12,"column":61}},"10":{"start":{"line":13,"column":4},"end":{"line":13,"column":67}},"11":{"start":{"line":14,"column":4},"end":{"line":16,"column":5}},"12":{"start":{"line":15,"column":6},"end":{"line":15,"column":81}},"13":{"start":{"line":17,"column":4},"end":{"line":17,"column":57}},"14":{"start":{"line":18,"column":4},"end":{"line":18,"column":11}},"15":{"start":{"line":20,"column":4},"end":{"line":20,"column":60}},"16":{"start":{"line":21,"column":4},"end":{"line":21,"column":93}},"17":{"start":{"line":25,"column":0},"end":{"line":25,"column":29}}},"fnMap":{"0":{"name":"(anonymous_0)","decl":{"start":{"line":5,"column":16},"end":{"line":5,"column":17}},"loc":{"start":{"line":5,"column":42},"end":{"line":23,"column":1}},"line":5}},"branchMap":{"0":{"loc":{"start":{"line":8,"column":4},"end":{"line":10,"column":5}},"type":"if","locations":[{"start":{"line":8,"column":4},"end":{"line":10,"column":5}},{"start":{},"end":{}}],"line":8},"1":{"loc":{"start":{"line":8,"column":8},"end":{"line":8,"column":56}},"type":"binary-expr","locations":[{"start":{"line":8,"column":8},"end":{"line":8,"column":19}},{"start":{"line":8,"column":23},"end":{"line":8,"column":56}}],"line":8},"2":{"loc":{"start":{"line":14,"column":4},"end":{"line":16,"column":5}},"type":"if","locations":[{"start":{"line":14,"column":4},"end":{"line":16,"column":5}},{"start":{},"end":{}}],"line":14}},"s":{"0":1,"1":1,"2":1,"3":1,"4":15,"5":15,"6":15,"7":4,"8":11,"9":11,"10":11,"11":11,"12":0,"13":11,"14":11,"15":0,"16":0,"17":1},"f":{"0":15},"b":{"0":[4,11],"1":[15,11],"2":[0,11]},"_coverageSchema":"1a1c01bbd47fc00a2c39e90264f33305004495a9","hash":"0b9d88aa53652f57f39ebc288f7233d31dc944ac","contentHash":"478885d470bf7c54dea74aaa3dd60ebe5d6f59395950a56ab826330924b54f83"},"D:\\10P-Shine-MERN\\backend\\routes\\notes.js":{"path":"D:\\10P-Shine-MERN\\backend\\routes\\notes.js","statementMap":{"0":{"start":{"line":1,"column":16},"end":{"line":1,"column":34}},"1":{"start":{"line":2,"column":15},"end":{"line":2,"column":31}},"2":{"start":{"line":7,"column":4},"end":{"line":7,"column":44}},"3":{"start":{"line":8,"column":20},"end":{"line":8,"column":59}},"4":{"start":{"line":10,"column":0},"end":{"line":10,"column":20}},"5":{"start":{"line":12,"column":0},"end":{"line":14,"column":20}},"6":{"start":{"line":16,"column":0},"end":{"line":19,"column":22}},"7":{"start":{"line":21,"column":0},"end":{"line":21,"column":34}},"8":{"start":{"line":22,"column":0},"end":{"line":22,"column":42}},"9":{"start":{"line":23,"column":0},"end":{"line":23,"column":38}},"10":{"start":{"line":24,"column":0},"end":{"line":24,"column":42}},"11":{"start":{"line":26,"column":0},"end":{"line":26,"column":24}}},"fnMap":{},"branchMap":{},"s":{"0":1,"1":1,"2":1,"3":1,"4":1,"5":1,"6":1,"7":1,"8":1,"9":1,"10":1,"11":1},"f":{},"b":{},"_coverageSchema":"1a1c01bbd47fc00a2c39e90264f33305004495a9","hash":"165cc0d175c44db72fa940cc83cfcd56e98980e7","contentHash":"fe1362ee30033b3f6b5682bec137a61cd4818b5678e53482342f94b49eafca47"},"D:\\10P-Shine-MERN\\backend\\controllers\\noteController.js":{"path":"D:\\10P-Shine-MERN\\backend\\controllers\\noteController.js","statementMap":{"0":{"start":{"line":1,"column":13},"end":{"line":1,"column":38}},"1":{"start":{"line":2,"column":15},"end":{"line":2,"column":41}},"2":{"start":{"line":4,"column":19},"end":{"line":13,"column":1}},"3":{"start":{"line":5,"column":2},"end":{"line":12,"column":34}},"4":{"start":{"line":6,"column":41},"end":{"line":6,"column":49}},"5":{"start":{"line":7,"column":4},"end":{"line":8,"column":99}},"6":{"start":{"line":8,"column":6},"end":{"line":8,"column":99}},"7":{"start":{"line":9,"column":17},"end":{"line":9,"column":106}},"8":{"start":{"line":10,"column":4},"end":{"line":10,"column":59}},"9":{"start":{"line":11,"column":4},"end":{"line":11,"column":94}},"10":{"start":{"line":12,"column":20},"end":{"line":12,"column":32}},"11":{"start":{"line":15,"column":17},"end":{"line":20,"column":1}},"12":{"start":{"line":16,"column":2},"end":{"line":19,"column":34}},"13":{"start":{"line":17,"column":18},"end":{"line":17,"column":94}},"14":{"start":{"line":18,"column":4},"end":{"line":18,"column":78}},"15":{"start":{"line":19,"column":20},"end":{"line":19,"column":32}},"16":{"start":{"line":22,"column":16},"end":{"line":30,"column":1}},"17":{"start":{"line":23,"column":2},"end":{"line":29,"column":34}},"18":{"start":{"line":24,"column":17},"end":{"line":24,"column":51}},"19":{"start":{"line":25,"column":4},"end":{"line":25,"column":90}},"20":{"start":{"line":25,"column":15},"end":{"line":25,"column":90}},"21":{"start":{"line":26,"column":4},"end":{"line":27,"column":81}},"22":{"start":{"line":27,"column":6},"end":{"line":27,"column":81}},"23":{"start":{"line":28,"column":4},"end":{"line":28,"column":56}},"24":{"start":{"line":29,"column":20},"end":{"line":29,"column":32}},"25":{"start":{"line":32,"column":19},"end":{"line":47,"column":1}},"26":{"start":{"line":33,"column":2},"end":{"line":46,"column":34}},"27":{"start":{"line":34,"column":41},"end":{"line":34,"column":49}},"28":{"start":{"line":35,"column":15},"end":{"line":35,"column":49}},"29":{"start":{"line":36,"column":4},"end":{"line":36,"column":90}},"30":{"start":{"line":36,"column":15},"end":{"line":36,"column":90}},"31":{"start":{"line":37,"column":4},"end":{"line":38,"column":81}},"32":{"start":{"line":38,"column":6},"end":{"line":38,"column":81}},"33":{"start":{"line":39,"column":4},"end":{"line":43,"column":6}},"34":{"start":{"line":44,"column":4},"end":{"line":44,"column":59}},"35":{"start":{"line":45,"column":4},"end":{"line":45,"column":94}},"36":{"start":{"line":46,"column":20},"end":{"line":46,"column":32}},"37":{"start":{"line":49,"column":19},"end":{"line":59,"column":1}},"38":{"start":{"line":50,"column":2},"end":{"line":58,"column":34}},"39":{"start":{"line":51,"column":17},"end":{"line":51,"column":51}},"40":{"start":{"line":52,"column":4},"end":{"line":52,"column":90}},"41":{"start":{"line":52,"column":15},"end":{"line":52,"column":90}},"42":{"start":{"line":53,"column":4},"end":{"line":54,"column":81}},"43":{"start":{"line":54,"column":6},"end":{"line":54,"column":81}},"44":{"start":{"line":55,"column":4},"end":{"line":55,"column":27}},"45":{"start":{"line":56,"column":4},"end":{"line":56,"column":59}},"46":{"start":{"line":57,"column":4},"end":{"line":57,"column":82}},"47":{"start":{"line":58,"column":20},"end":{"line":58,"column":32}},"48":{"start":{"line":61,"column":16},"end":{"line":71,"column":1}},"49":{"start":{"line":62,"column":2},"end":{"line":70,"column":34}},"50":{"start":{"line":63,"column":17},"end":{"line":63,"column":51}},"51":{"start":{"line":64,"column":4},"end":{"line":64,"column":90}},"52":{"start":{"line":64,"column":15},"end":{"line":64,"column":90}},"53":{"start":{"line":65,"column":4},"end":{"line":66,"column":81}},"54":{"start":{"line":66,"column":6},"end":{"line":66,"column":81}},"55":{"start":{"line":67,"column":4},"end":{"line":67,"column":35}},"56":{"start":{"line":68,"column":4},"end":{"line":68,"column":22}},"57":{"start":{"line":69,"column":4},"end":{"line":69,"column":114}},"58":{"start":{"line":70,"column":20},"end":{"line":70,"column":32}},"59":{"start":{"line":73,"column":20},"end":{"line":84,"column":1}},"60":{"start":{"line":74,"column":2},"end":{"line":83,"column":34}},"61":{"start":{"line":75,"column":17},"end":{"line":75,"column":51}},"62":{"start":{"line":76,"column":4},"end":{"line":76,"column":90}},"63":{"start":{"line":76,"column":15},"end":{"line":76,"column":90}},"64":{"start":{"line":77,"column":4},"end":{"line":78,"column":81}},"65":{"start":{"line":78,"column":6},"end":{"line":78,"column":81}},"66":{"start":{"line":79,"column":4},"end":{"line":79,"column":39}},"67":{"start":{"line":80,"column":4},"end":{"line":80,"column":48}},"68":{"start":{"line":80,"column":25},"end":{"line":80,"column":48}},"69":{"start":{"line":81,"column":4},"end":{"line":81,"column":22}},"70":{"start":{"line":82,"column":4},"end":{"line":82,"column":120}},"71":{"start":{"line":83,"column":20},"end":{"line":83,"column":32}},"72":{"start":{"line":86,"column":18},"end":{"line":98,"column":1}},"73":{"start":{"line":87,"column":2},"end":{"line":97,"column":34}},"74":{"start":{"line":88,"column":17},"end":{"line":88,"column":51}},"75":{"start":{"line":89,"column":4},"end":{"line":89,"column":90}},"76":{"start":{"line":89,"column":15},"end":{"line":89,"column":90}},"77":{"start":{"line":90,"column":4},"end":{"line":91,"column":81}},"78":{"start":{"line":91,"column":6},"end":{"line":91,"column":81}},"79":{"start":{"line":92,"column":4},"end":{"line":92,"column":26}},"80":{"start":{"line":93,"column":4},"end":{"line":93,"column":28}},"81":{"start":{"line":94,"column":4},"end":{"line":94,"column":26}},"82":{"start":{"line":95,"column":4},"end":{"line":95,"column":22}},"83":{"start":{"line":96,"column":4},"end":{"line":96,"column":88}},"84":{"start":{"line":97,"column":20},"end":{"line":97,"column":32}},"85":{"start":{"line":100,"column":20},"end":{"line":110,"column":1}},"86":{"start":{"line":101,"column":2},"end":{"line":109,"column":34}},"87":{"start":{"line":102,"column":17},"end":{"line":102,"column":51}},"88":{"start":{"line":103,"column":4},"end":{"line":103,"column":90}},"89":{"start":{"line":103,"column":15},"end":{"line":103,"column":90}},"90":{"start":{"line":104,"column":4},"end":{"line":105,"column":81}},"91":{"start":{"line":105,"column":6},"end":{"line":105,"column":81}},"92":{"start":{"line":106,"column":4},"end":{"line":106,"column":27}},"93":{"start":{"line":107,"column":4},"end":{"line":107,"column":22}},"94":{"start":{"line":108,"column":4},"end":{"line":108,"column":82}},"95":{"start":{"line":109,"column":20},"end":{"line":109,"column":32}},"96":{"start":{"line":112,"column":0},"end":{"line":112,"column":121}}},"fnMap":{"0":{"name":"(anonymous_0)","decl":{"start":{"line":4,"column":19},"end":{"line":4,"column":20}},"loc":{"start":{"line":4,"column":45},"end":{"line":13,"column":1}},"line":4},"1":{"name":"(anonymous_1)","decl":{"start":{"line":15,"column":17},"end":{"line":15,"column":18}},"loc":{"start":{"line":15,"column":43},"end":{"line":20,"column":1}},"line":15},"2":{"name":"(anonymous_2)","decl":{"start":{"line":22,"column":16},"end":{"line":22,"column":17}},"loc":{"start":{"line":22,"column":42},"end":{"line":30,"column":1}},"line":22},"3":{"name":"(anonymous_3)","decl":{"start":{"line":32,"column":19},"end":{"line":32,"column":20}},"loc":{"start":{"line":32,"column":45},"end":{"line":47,"column":1}},"line":32},"4":{"name":"(anonymous_4)","decl":{"start":{"line":49,"column":19},"end":{"line":49,"column":20}},"loc":{"start":{"line":49,"column":45},"end":{"line":59,"column":1}},"line":49},"5":{"name":"(anonymous_5)","decl":{"start":{"line":61,"column":16},"end":{"line":61,"column":17}},"loc":{"start":{"line":61,"column":42},"end":{"line":71,"column":1}},"line":61},"6":{"name":"(anonymous_6)","decl":{"start":{"line":73,"column":20},"end":{"line":73,"column":21}},"loc":{"start":{"line":73,"column":46},"end":{"line":84,"column":1}},"line":73},"7":{"name":"(anonymous_7)","decl":{"start":{"line":86,"column":18},"end":{"line":86,"column":19}},"loc":{"start":{"line":86,"column":44},"end":{"line":98,"column":1}},"line":86},"8":{"name":"(anonymous_8)","decl":{"start":{"line":100,"column":20},"end":{"line":100,"column":21}},"loc":{"start":{"line":100,"column":46},"end":{"line":110,"column":1}},"line":100}},"branchMap":{"0":{"loc":{"start":{"line":7,"column":4},"end":{"line":8,"column":99}},"type":"if","locations":[{"start":{"line":7,"column":4},"end":{"line":8,"column":99}},{"start":{},"end":{}}],"line":7},"1":{"loc":{"start":{"line":7,"column":8},"end":{"line":7,"column":26}},"type":"binary-expr","locations":[{"start":{"line":7,"column":8},"end":{"line":7,"column":14}},{"start":{"line":7,"column":18},"end":{"line":7,"column":26}}],"line":7},"2":{"loc":{"start":{"line":9,"column":63},"end":{"line":9,"column":84}},"type":"binary-expr","locations":[{"start":{"line":9,"column":63},"end":{"line":9,"column":71}},{"start":{"line":9,"column":75},"end":{"line":9,"column":84}}],"line":9},"3":{"loc":{"start":{"line":25,"column":4},"end":{"line":25,"column":90}},"type":"if","locations":[{"start":{"line":25,"column":4},"end":{"line":25,"column":90}},{"start":{},"end":{}}],"line":25},"4":{"loc":{"start":{"line":26,"column":4},"end":{"line":27,"column":81}},"type":"if","locations":[{"start":{"line":26,"column":4},"end":{"line":27,"column":81}},{"start":{},"end":{}}],"line":26},"5":{"loc":{"start":{"line":36,"column":4},"end":{"line":36,"column":90}},"type":"if","locations":[{"start":{"line":36,"column":4},"end":{"line":36,"column":90}},{"start":{},"end":{}}],"line":36},"6":{"loc":{"start":{"line":37,"column":4},"end":{"line":38,"column":81}},"type":"if","locations":[{"start":{"line":37,"column":4},"end":{"line":38,"column":81}},{"start":{},"end":{}}],"line":37},"7":{"loc":{"start":{"line":52,"column":4},"end":{"line":52,"column":90}},"type":"if","locations":[{"start":{"line":52,"column":4},"end":{"line":52,"column":90}},{"start":{},"end":{}}],"line":52},"8":{"loc":{"start":{"line":53,"column":4},"end":{"line":54,"column":81}},"type":"if","locations":[{"start":{"line":53,"column":4},"end":{"line":54,"column":81}},{"start":{},"end":{}}],"line":53},"9":{"loc":{"start":{"line":64,"column":4},"end":{"line":64,"column":90}},"type":"if","locations":[{"start":{"line":64,"column":4},"end":{"line":64,"column":90}},{"start":{},"end":{}}],"line":64},"10":{"loc":{"start":{"line":65,"column":4},"end":{"line":66,"column":81}},"type":"if","locations":[{"start":{"line":65,"column":4},"end":{"line":66,"column":81}},{"start":{},"end":{}}],"line":65},"11":{"loc":{"start":{"line":69,"column":59},"end":{"line":69,"column":96}},"type":"cond-expr","locations":[{"start":{"line":69,"column":75},"end":{"line":69,"column":83}},{"start":{"line":69,"column":86},"end":{"line":69,"column":96}}],"line":69},"12":{"loc":{"start":{"line":76,"column":4},"end":{"line":76,"column":90}},"type":"if","locations":[{"start":{"line":76,"column":4},"end":{"line":76,"column":90}},{"start":{},"end":{}}],"line":76},"13":{"loc":{"start":{"line":77,"column":4},"end":{"line":78,"column":81}},"type":"if","locations":[{"start":{"line":77,"column":4},"end":{"line":78,"column":81}},{"start":{},"end":{}}],"line":77},"14":{"loc":{"start":{"line":80,"column":4},"end":{"line":80,"column":48}},"type":"if","locations":[{"start":{"line":80,"column":4},"end":{"line":80,"column":48}},{"start":{},"end":{}}],"line":80},"15":{"loc":{"start":{"line":82,"column":59},"end":{"line":82,"column":102}},"type":"cond-expr","locations":[{"start":{"line":82,"column":77},"end":{"line":82,"column":87}},{"start":{"line":82,"column":90},"end":{"line":82,"column":102}}],"line":82},"16":{"loc":{"start":{"line":89,"column":4},"end":{"line":89,"column":90}},"type":"if","locations":[{"start":{"line":89,"column":4},"end":{"line":89,"column":90}},{"start":{},"end":{}}],"line":89},"17":{"loc":{"start":{"line":90,"column":4},"end":{"line":91,"column":81}},"type":"if","locations":[{"start":{"line":90,"column":4},"end":{"line":91,"column":81}},{"start":{},"end":{}}],"line":90},"18":{"loc":{"start":{"line":103,"column":4},"end":{"line":103,"column":90}},"type":"if","locations":[{"start":{"line":103,"column":4},"end":{"line":103,"column":90}},{"start":{},"end":{}}],"line":103},"19":{"loc":{"start":{"line":104,"column":4},"end":{"line":105,"column":81}},"type":"if","locations":[{"start":{"line":104,"column":4},"end":{"line":105,"column":81}},{"start":{},"end":{}}],"line":104}},"s":{"0":1,"1":1,"2":1,"3":2,"4":2,"5":2,"6":1,"7":1,"8":1,"9":1,"10":0,"11":1,"12":1,"13":1,"14":1,"15":0,"16":1,"17":2,"18":2,"19":2,"20":1,"21":1,"22":0,"23":1,"24":0,"25":1,"26":2,"27":2,"28":2,"29":2,"30":1,"31":1,"32":0,"33":1,"34":1,"35":1,"36":0,"37":1,"38":2,"39":2,"40":2,"41":1,"42":1,"43":0,"44":1,"45":1,"46":1,"47":0,"48":1,"49":0,"50":0,"51":0,"52":0,"53":0,"54":0,"55":0,"56":0,"57":0,"58":0,"59":1,"60":0,"61":0,"62":0,"63":0,"64":0,"65":0,"66":0,"67":0,"68":0,"69":0,"70":0,"71":0,"72":1,"73":0,"74":0,"75":0,"76":0,"77":0,"78":0,"79":0,"80":0,"81":0,"82":0,"83":0,"84":0,"85":1,"86":0,"87":0,"88":0,"89":0,"90":0,"91":0,"92":0,"93":0,"94":0,"95":0,"96":1},"f":{"0":2,"1":1,"2":2,"3":2,"4":2,"5":0,"6":0,"7":0,"8":0},"b":{"0":[1,1],"1":[2,1],"2":[1,1],"3":[1,1],"4":[0,1],"5":[1,1],"6":[0,1],"7":[1,1],"8":[0,1],"9":[0,0],"10":[0,0],"11":[0,0],"12":[0,0],"13":[0,0],"14":[0,0],"15":[0,0],"16":[0,0],"17":[0,0],"18":[0,0],"19":[0,0]},"_coverageSchema":"1a1c01bbd47fc00a2c39e90264f33305004495a9","hash":"df0fc533be63751d1c77f03d975594299827ab3d","contentHash":"1c288ba50458cdbacccefe2ff6026bf954d4c614860a1cadcfbf49ab2182cf35"},"D:\\10P-Shine-MERN\\backend\\models\\Note.js":{"path":"D:\\10P-Shine-MERN\\backend\\models\\Note.js","statementMap":{"0":{"start":{"line":1,"column":17},"end":{"line":1,"column":36}},"1":{"start":{"line":3,"column":19},"end":{"line":14,"column":1}},"2":{"start":{"line":16,"column":0},"end":{"line":16,"column":52}}},"fnMap":{},"branchMap":{},"s":{"0":1,"1":1,"2":1},"f":{},"b":{},"_coverageSchema":"1a1c01bbd47fc00a2c39e90264f33305004495a9","hash":"b3e290b022381fb1cc4825a14caf2c09d1d53923","contentHash":"8a625420a69abfbb69609cab392a89ade96ee200225236f05190e813a1ea9913"}}